[1.134s] Invoking command in '/home/locobot/SU_Robotics/ros_ws/src/rgbd_camera': PYTHONPATH=/home/locobot/SU_Robotics/ros_ws/build/rgbd_camera/prefix_override:/home/locobot/SU_Robotics/ros_ws/install/rgbd_camera/lib/python3.8/site-packages:${PYTHONPATH} /usr/bin/python3 setup.py egg_info --egg-base ../../build/rgbd_camera build --build-base /home/locobot/SU_Robotics/ros_ws/build/rgbd_camera/build install --record /home/locobot/SU_Robotics/ros_ws/build/rgbd_camera/install.log --single-version-externally-managed
[1.338s] running egg_info
[1.338s] writing ../../build/rgbd_camera/rgbd_camera.egg-info/PKG-INFO
[1.338s] writing dependency_links to ../../build/rgbd_camera/rgbd_camera.egg-info/dependency_links.txt
[1.339s] writing entry points to ../../build/rgbd_camera/rgbd_camera.egg-info/entry_points.txt
[1.339s] writing requirements to ../../build/rgbd_camera/rgbd_camera.egg-info/requires.txt
[1.339s] writing top-level names to ../../build/rgbd_camera/rgbd_camera.egg-info/top_level.txt
[1.369s] reading manifest file '../../build/rgbd_camera/rgbd_camera.egg-info/SOURCES.txt'
[1.370s] writing manifest file '../../build/rgbd_camera/rgbd_camera.egg-info/SOURCES.txt'
[1.370s] running build
[1.370s] running build_py
[1.371s] running install
[1.371s] running install_lib
[1.372s] running install_data
[1.373s] running install_egg_info
[1.374s] removing '/home/locobot/SU_Robotics/ros_ws/install/rgbd_camera/lib/python3.8/site-packages/rgbd_camera-0.0.0-py3.8.egg-info' (and everything under it)
[1.374s] Copying ../../build/rgbd_camera/rgbd_camera.egg-info to /home/locobot/SU_Robotics/ros_ws/install/rgbd_camera/lib/python3.8/site-packages/rgbd_camera-0.0.0-py3.8.egg-info
[1.375s] running install_scripts
[1.389s] Installing depth_node script to /home/locobot/SU_Robotics/ros_ws/install/rgbd_camera/lib/rgbd_camera
[1.390s] writing list of installed files to '/home/locobot/SU_Robotics/ros_ws/build/rgbd_camera/install.log'
[1.404s] Invoked command in '/home/locobot/SU_Robotics/ros_ws/src/rgbd_camera' returned '0': PYTHONPATH=/home/locobot/SU_Robotics/ros_ws/build/rgbd_camera/prefix_override:/home/locobot/SU_Robotics/ros_ws/install/rgbd_camera/lib/python3.8/site-packages:${PYTHONPATH} /usr/bin/python3 setup.py egg_info --egg-base ../../build/rgbd_camera build --build-base /home/locobot/SU_Robotics/ros_ws/build/rgbd_camera/build install --record /home/locobot/SU_Robotics/ros_ws/build/rgbd_camera/install.log --single-version-externally-managed
