[1.640s] Invoking command in '/home/locobot/ros_ws/src/gesture_control': PYTHONPATH=/home/locobot/ros_ws/build/gesture_control/prefix_override:/home/locobot/ros_ws/install/gesture_control/lib/python3.8/site-packages:${PYTHONPATH} /usr/bin/python3 setup.py egg_info --egg-base ../../build/gesture_control build --build-base /home/locobot/ros_ws/build/gesture_control/build install --record /home/locobot/ros_ws/build/gesture_control/install.log --single-version-externally-managed
[1.842s] running egg_info
[1.843s] writing ../../build/gesture_control/gesture_control.egg-info/PKG-INFO
[1.843s] writing dependency_links to ../../build/gesture_control/gesture_control.egg-info/dependency_links.txt
[1.843s] writing entry points to ../../build/gesture_control/gesture_control.egg-info/entry_points.txt
[1.843s] writing requirements to ../../build/gesture_control/gesture_control.egg-info/requires.txt
[1.843s] writing top-level names to ../../build/gesture_control/gesture_control.egg-info/top_level.txt
[1.873s] reading manifest file '../../build/gesture_control/gesture_control.egg-info/SOURCES.txt'
[1.873s] writing manifest file '../../build/gesture_control/gesture_control.egg-info/SOURCES.txt'
[1.873s] running build
[1.874s] running build_py
[1.874s] running install
[1.874s] running install_lib
[1.875s] running install_data
[1.876s] copying resource/gesture_control -> /home/locobot/ros_ws/install/gesture_control/share/ament_index/resource_index/packages
[1.876s] copying package.xml -> /home/locobot/ros_ws/install/gesture_control/share/gesture_control
[1.876s] running install_egg_info
[1.877s] Copying ../../build/gesture_control/gesture_control.egg-info to /home/locobot/ros_ws/install/gesture_control/lib/python3.8/site-packages/gesture_control-0.0.0-py3.8.egg-info
[1.878s] running install_scripts
[1.892s] Installing mediaPipeNode script to /home/locobot/ros_ws/install/gesture_control/lib/gestureControl
[1.892s] writing list of installed files to '/home/locobot/ros_ws/build/gesture_control/install.log'
[1.912s] Invoked command in '/home/locobot/ros_ws/src/gesture_control' returned '0': PYTHONPATH=/home/locobot/ros_ws/build/gesture_control/prefix_override:/home/locobot/ros_ws/install/gesture_control/lib/python3.8/site-packages:${PYTHONPATH} /usr/bin/python3 setup.py egg_info --egg-base ../../build/gesture_control build --build-base /home/locobot/ros_ws/build/gesture_control/build install --record /home/locobot/ros_ws/build/gesture_control/install.log --single-version-externally-managed
