[1.858s] Invoking command in '/home/locobot/ros_ws/src/gesture_control': PYTHONPATH=/home/locobot/ros_ws/build/gesture_control/prefix_override:/home/locobot/ros_ws/install/gesture_control/lib/python3.8/site-packages:${PYTHONPATH} /usr/bin/python3 setup.py egg_info --egg-base ../../build/gesture_control build --build-base /home/locobot/ros_ws/build/gesture_control/build install --record /home/locobot/ros_ws/build/gesture_control/install.log --single-version-externally-managed
[2.064s] running egg_info
[2.064s] writing ../../build/gesture_control/gesture_control.egg-info/PKG-INFO
[2.065s] writing dependency_links to ../../build/gesture_control/gesture_control.egg-info/dependency_links.txt
[2.065s] writing entry points to ../../build/gesture_control/gesture_control.egg-info/entry_points.txt
[2.065s] writing requirements to ../../build/gesture_control/gesture_control.egg-info/requires.txt
[2.065s] writing top-level names to ../../build/gesture_control/gesture_control.egg-info/top_level.txt
[2.094s] reading manifest file '../../build/gesture_control/gesture_control.egg-info/SOURCES.txt'
[2.095s] writing manifest file '../../build/gesture_control/gesture_control.egg-info/SOURCES.txt'
[2.095s] running build
[2.095s] running build_py
[2.095s] copying gesture_control/mediaPipeNode.py -> /home/locobot/ros_ws/build/gesture_control/build/lib/gesture_control
[2.095s] running install
[2.095s] running install_lib
[2.096s] copying /home/locobot/ros_ws/build/gesture_control/build/lib/gesture_control/mediaPipeNode.py -> /home/locobot/ros_ws/install/gesture_control/lib/python3.8/site-packages/gesture_control
[2.097s] byte-compiling /home/locobot/ros_ws/install/gesture_control/lib/python3.8/site-packages/gesture_control/mediaPipeNode.py to mediaPipeNode.cpython-38.pyc
[2.098s] running install_data
[2.098s] running install_egg_info
[2.099s] removing '/home/locobot/ros_ws/install/gesture_control/lib/python3.8/site-packages/gesture_control-0.0.0-py3.8.egg-info' (and everything under it)
[2.100s] Copying ../../build/gesture_control/gesture_control.egg-info to /home/locobot/ros_ws/install/gesture_control/lib/python3.8/site-packages/gesture_control-0.0.0-py3.8.egg-info
[2.100s] running install_scripts
[2.114s] Installing mediaPipeNode script to /home/locobot/ros_ws/install/gesture_control/lib/gestureControl
[2.115s] writing list of installed files to '/home/locobot/ros_ws/build/gesture_control/install.log'
[2.268s] Invoked command in '/home/locobot/ros_ws/src/gesture_control' returned '0': PYTHONPATH=/home/locobot/ros_ws/build/gesture_control/prefix_override:/home/locobot/ros_ws/install/gesture_control/lib/python3.8/site-packages:${PYTHONPATH} /usr/bin/python3 setup.py egg_info --egg-base ../../build/gesture_control build --build-base /home/locobot/ros_ws/build/gesture_control/build install --record /home/locobot/ros_ws/build/gesture_control/install.log --single-version-externally-managed
