[1.134s] Invoking command in '/home/locobot/ros_ws/src/gesture_control': PYTHONPATH=/home/locobot/ros_ws/build/gesture_control/prefix_override:/home/locobot/ros_ws/install/gesture_control/lib/python3.8/site-packages:${PYTHONPATH} /usr/bin/python3 setup.py egg_info --egg-base ../../build/gesture_control build --build-base /home/locobot/ros_ws/build/gesture_control/build install --record /home/locobot/ros_ws/build/gesture_control/install.log --single-version-externally-managed
[1.359s] running egg_info
[1.360s] writing ../../build/gesture_control/gesture_control.egg-info/PKG-INFO
[1.360s] writing dependency_links to ../../build/gesture_control/gesture_control.egg-info/dependency_links.txt
[1.360s] writing entry points to ../../build/gesture_control/gesture_control.egg-info/entry_points.txt
[1.360s] writing requirements to ../../build/gesture_control/gesture_control.egg-info/requires.txt
[1.360s] writing top-level names to ../../build/gesture_control/gesture_control.egg-info/top_level.txt
[1.389s] reading manifest file '../../build/gesture_control/gesture_control.egg-info/SOURCES.txt'
[1.390s] writing manifest file '../../build/gesture_control/gesture_control.egg-info/SOURCES.txt'
[1.390s] running build
[1.390s] running build_py
[1.390s] copying gesture_control/__init__.py -> /home/locobot/ros_ws/build/gesture_control/build/lib/gesture_control
[1.391s] copying gesture_control/classifier.py -> /home/locobot/ros_ws/build/gesture_control/build/lib/gesture_control
[1.391s] running install
[1.391s] running install_lib
[1.392s] copying /home/locobot/ros_ws/build/gesture_control/build/lib/gesture_control/__init__.py -> /home/locobot/ros_ws/install/gesture_control/lib/python3.8/site-packages/gesture_control
[1.392s] copying /home/locobot/ros_ws/build/gesture_control/build/lib/gesture_control/classifier.py -> /home/locobot/ros_ws/install/gesture_control/lib/python3.8/site-packages/gesture_control
[1.392s] byte-compiling /home/locobot/ros_ws/install/gesture_control/lib/python3.8/site-packages/gesture_control/__init__.py to __init__.cpython-38.pyc
[1.393s] byte-compiling /home/locobot/ros_ws/install/gesture_control/lib/python3.8/site-packages/gesture_control/classifier.py to classifier.cpython-38.pyc
[1.394s] running install_data
[1.394s] copying resource/gesture_control -> /home/locobot/ros_ws/install/gesture_control/share/ament_index/resource_index/packages
[1.394s] copying package.xml -> /home/locobot/ros_ws/install/gesture_control/share/gesture_control
[1.394s] running install_egg_info
[1.395s] removing '/home/locobot/ros_ws/install/gesture_control/lib/python3.8/site-packages/gesture_control-0.0.0-py3.8.egg-info' (and everything under it)
[1.395s] Copying ../../build/gesture_control/gesture_control.egg-info to /home/locobot/ros_ws/install/gesture_control/lib/python3.8/site-packages/gesture_control-0.0.0-py3.8.egg-info
[1.396s] running install_scripts
[1.410s] Installing classifier script to /home/locobot/ros_ws/install/gesture_control/lib/gesture_control
[1.410s] writing list of installed files to '/home/locobot/ros_ws/build/gesture_control/install.log'
[1.426s] Invoked command in '/home/locobot/ros_ws/src/gesture_control' returned '0': PYTHONPATH=/home/locobot/ros_ws/build/gesture_control/prefix_override:/home/locobot/ros_ws/install/gesture_control/lib/python3.8/site-packages:${PYTHONPATH} /usr/bin/python3 setup.py egg_info --egg-base ../../build/gesture_control build --build-base /home/locobot/ros_ws/build/gesture_control/build install --record /home/locobot/ros_ws/build/gesture_control/install.log --single-version-externally-managed
