[2.340s] DEBUG:colcon:Command line arguments: ['/usr/bin/colcon', 'build']
[2.340s] DEBUG:colcon:Parsed command line arguments: Namespace(allow_overriding=[], ament_cmake_args=None, base_paths=['.'], build_base='build', catkin_cmake_args=None, catkin_skip_building_tests=False, cmake_args=None, cmake_clean_cache=False, cmake_clean_first=False, cmake_force_configure=False, cmake_target=None, cmake_target_skip_unavailable=False, continue_on_error=False, event_handlers=None, executor='parallel', ignore_user_meta=False, install_base='install', log_base=None, log_level=None, main=<bound method BuildVerb.main of <colcon_core.verb.build.BuildVerb object at 0x7fa399e4e430>>, merge_install=False, metas=['./colcon.meta'], packages_above=None, packages_above_and_dependencies=None, packages_above_depth=None, packages_end=None, packages_ignore=None, packages_ignore_regex=None, packages_select=None, packages_select_build_failed=False, packages_select_by_dep=None, packages_select_regex=None, packages_select_test_failures=False, packages_skip=None, packages_skip_build_finished=False, packages_skip_by_dep=None, packages_skip_regex=None, packages_skip_test_passed=False, packages_skip_up_to=None, packages_start=None, packages_up_to=None, packages_up_to_regex=None, parallel_workers=12, paths=None, symlink_install=False, test_result_base=None, verb_extension=<colcon_core.verb.build.BuildVerb object at 0x7fa399e4e430>, verb_name='build', verb_parser=<colcon_defaults.argument_parser.defaults.DefaultArgumentsDecorator object at 0x7fa399e44d00>)
[2.455s] Level 1:colcon.colcon_core.package_discovery:discover_packages(colcon_meta) check parameters
[2.456s] Level 1:colcon.colcon_core.package_discovery:discover_packages(recursive) check parameters
[2.456s] Level 1:colcon.colcon_core.package_discovery:discover_packages(ignore) check parameters
[2.456s] Level 1:colcon.colcon_core.package_discovery:discover_packages(path) check parameters
[2.456s] Level 1:colcon.colcon_core.package_discovery:discover_packages(colcon_meta) discover
[2.456s] Level 1:colcon.colcon_core.package_discovery:discover_packages(recursive) discover
[2.456s] INFO:colcon.colcon_core.package_discovery:Crawling recursively for packages in '/home/locobot/ros_ws'
[2.456s] Level 1:colcon.colcon_core.package_identification:_identify(.) by extensions ['ignore', 'ignore_ament_install']
[2.456s] Level 1:colcon.colcon_core.package_identification:_identify(.) by extension 'ignore'
[2.456s] Level 1:colcon.colcon_core.package_identification:_identify(.) by extension 'ignore_ament_install'
[2.456s] Level 1:colcon.colcon_core.package_identification:_identify(.) by extensions ['colcon_pkg']
[2.456s] Level 1:colcon.colcon_core.package_identification:_identify(.) by extension 'colcon_pkg'
[2.456s] Level 1:colcon.colcon_core.package_identification:_identify(.) by extensions ['colcon_meta']
[2.456s] Level 1:colcon.colcon_core.package_identification:_identify(.) by extension 'colcon_meta'
[2.456s] Level 1:colcon.colcon_core.package_identification:_identify(.) by extensions ['ros']
[2.456s] Level 1:colcon.colcon_core.package_identification:_identify(.) by extension 'ros'
[2.468s] Level 1:colcon.colcon_core.package_identification:_identify(.) by extensions ['cmake', 'python']
[2.468s] Level 1:colcon.colcon_core.package_identification:_identify(.) by extension 'cmake'
[2.468s] Level 1:colcon.colcon_core.package_identification:_identify(.) by extension 'python'
[2.468s] Level 1:colcon.colcon_core.package_identification:_identify(.) by extensions ['python_setup_py']
[2.468s] Level 1:colcon.colcon_core.package_identification:_identify(.) by extension 'python_setup_py'
[2.468s] Level 1:colcon.colcon_core.package_identification:_identify(build) by extensions ['ignore', 'ignore_ament_install']
[2.468s] Level 1:colcon.colcon_core.package_identification:_identify(build) by extension 'ignore'
[2.468s] Level 1:colcon.colcon_core.package_identification:_identify(build) ignored
[2.468s] Level 1:colcon.colcon_core.package_identification:_identify(install) by extensions ['ignore', 'ignore_ament_install']
[2.468s] Level 1:colcon.colcon_core.package_identification:_identify(install) by extension 'ignore'
[2.469s] Level 1:colcon.colcon_core.package_identification:_identify(install) ignored
[2.469s] Level 1:colcon.colcon_core.package_identification:_identify(log) by extensions ['ignore', 'ignore_ament_install']
[2.469s] Level 1:colcon.colcon_core.package_identification:_identify(log) by extension 'ignore'
[2.469s] Level 1:colcon.colcon_core.package_identification:_identify(log) ignored
[2.469s] Level 1:colcon.colcon_core.package_identification:_identify(src) by extensions ['ignore', 'ignore_ament_install']
[2.469s] Level 1:colcon.colcon_core.package_identification:_identify(src) by extension 'ignore'
[2.469s] Level 1:colcon.colcon_core.package_identification:_identify(src) by extension 'ignore_ament_install'
[2.469s] Level 1:colcon.colcon_core.package_identification:_identify(src) by extensions ['colcon_pkg']
[2.469s] Level 1:colcon.colcon_core.package_identification:_identify(src) by extension 'colcon_pkg'
[2.469s] Level 1:colcon.colcon_core.package_identification:_identify(src) by extensions ['colcon_meta']
[2.469s] Level 1:colcon.colcon_core.package_identification:_identify(src) by extension 'colcon_meta'
[2.469s] Level 1:colcon.colcon_core.package_identification:_identify(src) by extensions ['ros']
[2.469s] Level 1:colcon.colcon_core.package_identification:_identify(src) by extension 'ros'
[2.469s] Level 1:colcon.colcon_core.package_identification:_identify(src) by extensions ['cmake', 'python']
[2.469s] Level 1:colcon.colcon_core.package_identification:_identify(src) by extension 'cmake'
[2.469s] Level 1:colcon.colcon_core.package_identification:_identify(src) by extension 'python'
[2.469s] Level 1:colcon.colcon_core.package_identification:_identify(src) by extensions ['python_setup_py']
[2.469s] Level 1:colcon.colcon_core.package_identification:_identify(src) by extension 'python_setup_py'
[2.470s] Level 1:colcon.colcon_core.package_identification:_identify(src/gesture_control) by extensions ['ignore', 'ignore_ament_install']
[2.470s] Level 1:colcon.colcon_core.package_identification:_identify(src/gesture_control) by extension 'ignore'
[2.470s] Level 1:colcon.colcon_core.package_identification:_identify(src/gesture_control) by extension 'ignore_ament_install'
[2.470s] Level 1:colcon.colcon_core.package_identification:_identify(src/gesture_control) by extensions ['colcon_pkg']
[2.470s] Level 1:colcon.colcon_core.package_identification:_identify(src/gesture_control) by extension 'colcon_pkg'
[2.470s] Level 1:colcon.colcon_core.package_identification:_identify(src/gesture_control) by extensions ['colcon_meta']
[2.470s] Level 1:colcon.colcon_core.package_identification:_identify(src/gesture_control) by extension 'colcon_meta'
[2.470s] Level 1:colcon.colcon_core.package_identification:_identify(src/gesture_control) by extensions ['ros']
[2.470s] Level 1:colcon.colcon_core.package_identification:_identify(src/gesture_control) by extension 'ros'
[2.472s] DEBUG:colcon.colcon_core.package_identification:Package 'src/gesture_control' with type 'ros.ament_python' and name 'gesture_control'
[2.472s] Level 1:colcon.colcon_core.package_identification:_identify(src/my_package) by extensions ['ignore', 'ignore_ament_install']
[2.472s] Level 1:colcon.colcon_core.package_identification:_identify(src/my_package) by extension 'ignore'
[2.472s] Level 1:colcon.colcon_core.package_identification:_identify(src/my_package) by extension 'ignore_ament_install'
[2.472s] Level 1:colcon.colcon_core.package_identification:_identify(src/my_package) by extensions ['colcon_pkg']
[2.472s] Level 1:colcon.colcon_core.package_identification:_identify(src/my_package) by extension 'colcon_pkg'
[2.472s] Level 1:colcon.colcon_core.package_identification:_identify(src/my_package) by extensions ['colcon_meta']
[2.473s] Level 1:colcon.colcon_core.package_identification:_identify(src/my_package) by extension 'colcon_meta'
[2.473s] Level 1:colcon.colcon_core.package_identification:_identify(src/my_package) by extensions ['ros']
[2.473s] Level 1:colcon.colcon_core.package_identification:_identify(src/my_package) by extension 'ros'
[2.473s] DEBUG:colcon.colcon_core.package_identification:Package 'src/my_package' with type 'ros.ament_python' and name 'my_package'
[2.473s] Level 1:colcon.colcon_core.package_discovery:discover_packages(recursive) using defaults
[2.473s] Level 1:colcon.colcon_core.package_discovery:discover_packages(ignore) discover
[2.473s] Level 1:colcon.colcon_core.package_discovery:discover_packages(ignore) using defaults
[2.473s] Level 1:colcon.colcon_core.package_discovery:discover_packages(path) discover
[2.473s] Level 1:colcon.colcon_core.package_discovery:discover_packages(path) using defaults
[2.695s] Level 1:colcon.colcon_core.package_discovery:discover_packages(prefix_path) check parameters
[2.695s] Level 1:colcon.colcon_core.package_discovery:discover_packages(prefix_path) discover
[2.781s] DEBUG:colcon.colcon_installed_package_information.package_discovery:Found 3 installed packages in /home/locobot/ros_ws/install
[2.823s] DEBUG:colcon.colcon_installed_package_information.package_discovery:Found 28 installed packages in /home/locobot/interbotix_ws/install
[2.863s] DEBUG:colcon.colcon_installed_package_information.package_discovery:Found 1 installed packages in /home/locobot/apriltag_ws/install
[2.906s] DEBUG:colcon.colcon_installed_package_information.package_discovery:Found 378 installed packages in /opt/ros/galactic
[2.908s] Level 1:colcon.colcon_core.package_discovery:discover_packages(prefix_path) using defaults
[3.084s] Level 5:colcon.colcon_core.verb:set package 'gesture_control' build argument 'cmake_args' from command line to 'None'
[3.084s] Level 5:colcon.colcon_core.verb:set package 'gesture_control' build argument 'cmake_target' from command line to 'None'
[3.084s] Level 5:colcon.colcon_core.verb:set package 'gesture_control' build argument 'cmake_target_skip_unavailable' from command line to 'False'
[3.084s] Level 5:colcon.colcon_core.verb:set package 'gesture_control' build argument 'cmake_clean_cache' from command line to 'False'
[3.084s] Level 5:colcon.colcon_core.verb:set package 'gesture_control' build argument 'cmake_clean_first' from command line to 'False'
[3.084s] Level 5:colcon.colcon_core.verb:set package 'gesture_control' build argument 'cmake_force_configure' from command line to 'False'
[3.084s] Level 5:colcon.colcon_core.verb:set package 'gesture_control' build argument 'ament_cmake_args' from command line to 'None'
[3.084s] Level 5:colcon.colcon_core.verb:set package 'gesture_control' build argument 'catkin_cmake_args' from command line to 'None'
[3.084s] Level 5:colcon.colcon_core.verb:set package 'gesture_control' build argument 'catkin_skip_building_tests' from command line to 'False'
[3.084s] DEBUG:colcon.colcon_core.verb:Building package 'gesture_control' with the following arguments: {'ament_cmake_args': None, 'build_base': '/home/locobot/ros_ws/build/gesture_control', 'catkin_cmake_args': None, 'catkin_skip_building_tests': False, 'cmake_args': None, 'cmake_clean_cache': False, 'cmake_clean_first': False, 'cmake_force_configure': False, 'cmake_target': None, 'cmake_target_skip_unavailable': False, 'install_base': '/home/locobot/ros_ws/install/gesture_control', 'merge_install': False, 'path': '/home/locobot/ros_ws/src/gesture_control', 'symlink_install': False, 'test_result_base': None}
[3.124s] Level 5:colcon.colcon_core.verb:set package 'my_package' build argument 'cmake_args' from command line to 'None'
[3.124s] Level 5:colcon.colcon_core.verb:set package 'my_package' build argument 'cmake_target' from command line to 'None'
[3.124s] Level 5:colcon.colcon_core.verb:set package 'my_package' build argument 'cmake_target_skip_unavailable' from command line to 'False'
[3.124s] Level 5:colcon.colcon_core.verb:set package 'my_package' build argument 'cmake_clean_cache' from command line to 'False'
[3.125s] Level 5:colcon.colcon_core.verb:set package 'my_package' build argument 'cmake_clean_first' from command line to 'False'
[3.125s] Level 5:colcon.colcon_core.verb:set package 'my_package' build argument 'cmake_force_configure' from command line to 'False'
[3.125s] Level 5:colcon.colcon_core.verb:set package 'my_package' build argument 'ament_cmake_args' from command line to 'None'
[3.125s] Level 5:colcon.colcon_core.verb:set package 'my_package' build argument 'catkin_cmake_args' from command line to 'None'
[3.125s] Level 5:colcon.colcon_core.verb:set package 'my_package' build argument 'catkin_skip_building_tests' from command line to 'False'
[3.125s] DEBUG:colcon.colcon_core.verb:Building package 'my_package' with the following arguments: {'ament_cmake_args': None, 'build_base': '/home/locobot/ros_ws/build/my_package', 'catkin_cmake_args': None, 'catkin_skip_building_tests': False, 'cmake_args': None, 'cmake_clean_cache': False, 'cmake_clean_first': False, 'cmake_force_configure': False, 'cmake_target': None, 'cmake_target_skip_unavailable': False, 'install_base': '/home/locobot/ros_ws/install/my_package', 'merge_install': False, 'path': '/home/locobot/ros_ws/src/my_package', 'symlink_install': False, 'test_result_base': None}
[3.165s] INFO:colcon.colcon_core.executor:Executing jobs using 'parallel' executor
[3.208s] DEBUG:colcon.colcon_parallel_executor.executor.parallel:run_until_complete
[3.208s] INFO:colcon.colcon_ros.task.ament_python.build:Building ROS package in '/home/locobot/ros_ws/src/gesture_control' with build type 'ament_python'
[3.209s] Level 1:colcon.colcon_core.shell:create_environment_hook('gesture_control', 'ament_prefix_path')
[3.254s] INFO:colcon.colcon_core.plugin_system:Skipping extension 'colcon_core.shell.bat': Not used on non-Windows systems
[3.254s] INFO:colcon.colcon_core.shell:Creating environment hook '/home/locobot/ros_ws/install/gesture_control/share/gesture_control/hook/ament_prefix_path.ps1'
[3.254s] INFO:colcon.colcon_core.shell:Creating environment descriptor '/home/locobot/ros_ws/install/gesture_control/share/gesture_control/hook/ament_prefix_path.dsv'
[3.255s] INFO:colcon.colcon_core.shell:Creating environment hook '/home/locobot/ros_ws/install/gesture_control/share/gesture_control/hook/ament_prefix_path.sh'
[3.300s] INFO:colcon.colcon_core.shell:Skip shell extension 'powershell' for command environment: Not usable outside of PowerShell
[3.301s] DEBUG:colcon.colcon_core.shell:Skip shell extension 'dsv' for command environment
[3.527s] INFO:colcon.colcon_ros.task.ament_python.build:Building ROS package in '/home/locobot/ros_ws/src/my_package' with build type 'ament_python'
[3.527s] Level 1:colcon.colcon_core.shell:create_environment_hook('my_package', 'ament_prefix_path')
[3.571s] INFO:colcon.colcon_core.shell:Creating environment hook '/home/locobot/ros_ws/install/my_package/share/my_package/hook/ament_prefix_path.ps1'
[3.571s] INFO:colcon.colcon_core.shell:Creating environment descriptor '/home/locobot/ros_ws/install/my_package/share/my_package/hook/ament_prefix_path.dsv'
[3.572s] INFO:colcon.colcon_core.shell:Creating environment hook '/home/locobot/ros_ws/install/my_package/share/my_package/hook/ament_prefix_path.sh'
[3.613s] INFO:colcon.colcon_core.shell:Skip shell extension 'powershell' for command environment: Not usable outside of PowerShell
[3.613s] DEBUG:colcon.colcon_core.shell:Skip shell extension 'dsv' for command environment
[4.037s] INFO:colcon.colcon_core.task.python.build:Building Python package in '/home/locobot/ros_ws/src/gesture_control'
[4.078s] INFO:colcon.colcon_core.shell:Skip shell extension 'powershell' for command environment: Not usable outside of PowerShell
[4.078s] DEBUG:colcon.colcon_core.shell:Skip shell extension 'dsv' for command environment
[4.505s] INFO:colcon.colcon_core.task.python.build:Building Python package in '/home/locobot/ros_ws/src/my_package'
[4.548s] INFO:colcon.colcon_core.shell:Skip shell extension 'powershell' for command environment: Not usable outside of PowerShell
[4.548s] DEBUG:colcon.colcon_core.shell:Skip shell extension 'dsv' for command environment
[5.149s] DEBUG:colcon.colcon_core.event_handler.log_command:Invoking command in '/home/locobot/ros_ws/src/my_package': PYTHONPATH=/home/locobot/ros_ws/build/my_package/prefix_override:/home/locobot/ros_ws/install/my_package/lib/python3.8/site-packages:${PYTHONPATH} /usr/bin/python3 setup.py egg_info --egg-base ../../build/my_package build --build-base /home/locobot/ros_ws/build/my_package/build install --record /home/locobot/ros_ws/build/my_package/install.log --single-version-externally-managed
[5.158s] DEBUG:colcon.colcon_core.event_handler.log_command:Invoking command in '/home/locobot/ros_ws/src/gesture_control': PYTHONPATH=/home/locobot/ros_ws/build/gesture_control/prefix_override:/home/locobot/ros_ws/install/gesture_control/lib/python3.8/site-packages:${PYTHONPATH} /usr/bin/python3 setup.py egg_info --egg-base ../../build/gesture_control build --build-base /home/locobot/ros_ws/build/gesture_control/build install --record /home/locobot/ros_ws/build/gesture_control/install.log --single-version-externally-managed
[5.455s] DEBUG:colcon.colcon_core.event_handler.log_command:Invoked command in '/home/locobot/ros_ws/src/my_package' returned '0': PYTHONPATH=/home/locobot/ros_ws/build/my_package/prefix_override:/home/locobot/ros_ws/install/my_package/lib/python3.8/site-packages:${PYTHONPATH} /usr/bin/python3 setup.py egg_info --egg-base ../../build/my_package build --build-base /home/locobot/ros_ws/build/my_package/build install --record /home/locobot/ros_ws/build/my_package/install.log --single-version-externally-managed
[5.506s] Level 1:colcon.colcon_core.environment:checking '/home/locobot/ros_ws/install/my_package' for CMake module files
[5.507s] Level 1:colcon.colcon_core.environment:checking '/home/locobot/ros_ws/install/my_package' for CMake config files
[5.507s] Level 1:colcon.colcon_core.environment:checking '/home/locobot/ros_ws/install/my_package/lib'
[5.507s] Level 1:colcon.colcon_core.environment:checking '/home/locobot/ros_ws/install/my_package/bin'
[5.508s] Level 1:colcon.colcon_core.environment:checking '/home/locobot/ros_ws/install/my_package/lib/pkgconfig/my_package.pc'
[5.508s] Level 1:colcon.colcon_core.environment:checking '/home/locobot/ros_ws/install/my_package/lib/python3.8/site-packages'
[5.508s] Level 1:colcon.colcon_core.shell:create_environment_hook('my_package', 'pythonpath')
[5.549s] INFO:colcon.colcon_core.shell:Creating environment hook '/home/locobot/ros_ws/install/my_package/share/my_package/hook/pythonpath.ps1'
[5.549s] INFO:colcon.colcon_core.shell:Creating environment descriptor '/home/locobot/ros_ws/install/my_package/share/my_package/hook/pythonpath.dsv'
[5.550s] INFO:colcon.colcon_core.shell:Creating environment hook '/home/locobot/ros_ws/install/my_package/share/my_package/hook/pythonpath.sh'
[5.550s] Level 1:colcon.colcon_core.environment:checking '/home/locobot/ros_ws/install/my_package/bin'
[5.550s] Level 1:colcon.colcon_core.environment:create_environment_scripts_only(my_package)
[5.591s] INFO:colcon.colcon_core.shell:Creating package script '/home/locobot/ros_ws/install/my_package/share/my_package/package.ps1'
[5.591s] INFO:colcon.colcon_core.shell:Creating package descriptor '/home/locobot/ros_ws/install/my_package/share/my_package/package.dsv'
[5.592s] INFO:colcon.colcon_core.shell:Creating package script '/home/locobot/ros_ws/install/my_package/share/my_package/package.sh'
[5.592s] INFO:colcon.colcon_core.shell:Creating package script '/home/locobot/ros_ws/install/my_package/share/my_package/package.bash'
[5.593s] INFO:colcon.colcon_core.shell:Creating package script '/home/locobot/ros_ws/install/my_package/share/my_package/package.zsh'
[5.594s] Level 1:colcon.colcon_core.environment:create_file_with_runtime_dependencies(/home/locobot/ros_ws/install/my_package/share/colcon-core/packages/my_package)
[5.595s] DEBUG:colcon.colcon_core.event_handler.log_command:Invoked command in '/home/locobot/ros_ws/src/gesture_control' returned '0': PYTHONPATH=/home/locobot/ros_ws/build/gesture_control/prefix_override:/home/locobot/ros_ws/install/gesture_control/lib/python3.8/site-packages:${PYTHONPATH} /usr/bin/python3 setup.py egg_info --egg-base ../../build/gesture_control build --build-base /home/locobot/ros_ws/build/gesture_control/build install --record /home/locobot/ros_ws/build/gesture_control/install.log --single-version-externally-managed
[5.636s] Level 1:colcon.colcon_core.environment:checking '/home/locobot/ros_ws/install/gesture_control' for CMake module files
[5.636s] Level 1:colcon.colcon_core.environment:checking '/home/locobot/ros_ws/install/gesture_control' for CMake config files
[5.637s] Level 1:colcon.colcon_core.environment:checking '/home/locobot/ros_ws/install/gesture_control/lib'
[5.637s] Level 1:colcon.colcon_core.environment:checking '/home/locobot/ros_ws/install/gesture_control/bin'
[5.637s] Level 1:colcon.colcon_core.environment:checking '/home/locobot/ros_ws/install/gesture_control/lib/pkgconfig/gesture_control.pc'
[5.637s] Level 1:colcon.colcon_core.environment:checking '/home/locobot/ros_ws/install/gesture_control/lib/python3.8/site-packages'
[5.637s] Level 1:colcon.colcon_core.shell:create_environment_hook('gesture_control', 'pythonpath')
[5.679s] INFO:colcon.colcon_core.shell:Creating environment hook '/home/locobot/ros_ws/install/gesture_control/share/gesture_control/hook/pythonpath.ps1'
[5.679s] INFO:colcon.colcon_core.shell:Creating environment descriptor '/home/locobot/ros_ws/install/gesture_control/share/gesture_control/hook/pythonpath.dsv'
[5.680s] INFO:colcon.colcon_core.shell:Creating environment hook '/home/locobot/ros_ws/install/gesture_control/share/gesture_control/hook/pythonpath.sh'
[5.680s] Level 1:colcon.colcon_core.environment:checking '/home/locobot/ros_ws/install/gesture_control/bin'
[5.680s] Level 1:colcon.colcon_core.environment:create_environment_scripts_only(gesture_control)
[5.730s] INFO:colcon.colcon_core.shell:Creating package script '/home/locobot/ros_ws/install/gesture_control/share/gesture_control/package.ps1'
[5.731s] INFO:colcon.colcon_core.shell:Creating package descriptor '/home/locobot/ros_ws/install/gesture_control/share/gesture_control/package.dsv'
[5.731s] INFO:colcon.colcon_core.shell:Creating package script '/home/locobot/ros_ws/install/gesture_control/share/gesture_control/package.sh'
[5.732s] INFO:colcon.colcon_core.shell:Creating package script '/home/locobot/ros_ws/install/gesture_control/share/gesture_control/package.bash'
[5.732s] INFO:colcon.colcon_core.shell:Creating package script '/home/locobot/ros_ws/install/gesture_control/share/gesture_control/package.zsh'
[5.732s] Level 1:colcon.colcon_core.environment:create_file_with_runtime_dependencies(/home/locobot/ros_ws/install/gesture_control/share/colcon-core/packages/gesture_control)
[5.732s] DEBUG:colcon.colcon_parallel_executor.executor.parallel:closing loop
[5.732s] DEBUG:colcon.colcon_parallel_executor.executor.parallel:loop closed
[5.732s] DEBUG:colcon.colcon_parallel_executor.executor.parallel:run_until_complete finished with '0'
[5.733s] DEBUG:colcon.colcon_core.event_reactor:joining thread
[5.777s] INFO:colcon.colcon_core.plugin_system:Skipping extension 'colcon_notification.desktop_notification.terminal_notifier': Not used on non-Darwin systems
[5.778s] INFO:colcon.colcon_core.plugin_system:Skipping extension 'colcon_notification.desktop_notification.win32': Not used on non-Windows systems
[5.778s] INFO:colcon.colcon_notification.desktop_notification:Sending desktop notification using 'notify2'
[5.790s] DEBUG:colcon.colcon_core.event_reactor:joined thread
[5.833s] INFO:colcon.colcon_core.shell:Creating prefix script '/home/locobot/ros_ws/install/local_setup.ps1'
[5.834s] INFO:colcon.colcon_core.shell:Creating prefix util module '/home/locobot/ros_ws/install/_local_setup_util_ps1.py'
[5.835s] INFO:colcon.colcon_core.shell:Creating prefix chain script '/home/locobot/ros_ws/install/setup.ps1'
[5.877s] INFO:colcon.colcon_core.shell:Creating prefix script '/home/locobot/ros_ws/install/local_setup.sh'
[5.878s] INFO:colcon.colcon_core.shell:Creating prefix util module '/home/locobot/ros_ws/install/_local_setup_util_sh.py'
[5.878s] INFO:colcon.colcon_core.shell:Creating prefix chain script '/home/locobot/ros_ws/install/setup.sh'
[5.921s] INFO:colcon.colcon_core.shell:Creating prefix script '/home/locobot/ros_ws/install/local_setup.bash'
[5.921s] INFO:colcon.colcon_core.shell:Creating prefix chain script '/home/locobot/ros_ws/install/setup.bash'
[5.965s] INFO:colcon.colcon_core.shell:Creating prefix script '/home/locobot/ros_ws/install/local_setup.zsh'
[5.965s] INFO:colcon.colcon_core.shell:Creating prefix chain script '/home/locobot/ros_ws/install/setup.zsh'
