running egg_info
creating ../../build/rgbd_camera/rgbd_camera.egg-info
writing ../../build/rgbd_camera/rgbd_camera.egg-info/PKG-INFO
writing dependency_links to ../../build/rgbd_camera/rgbd_camera.egg-info/dependency_links.txt
writing entry points to ../../build/rgbd_camera/rgbd_camera.egg-info/entry_points.txt
writing requirements to ../../build/rgbd_camera/rgbd_camera.egg-info/requires.txt
writing top-level names to ../../build/rgbd_camera/rgbd_camera.egg-info/top_level.txt
writing manifest file '../../build/rgbd_camera/rgbd_camera.egg-info/SOURCES.txt'
reading manifest file '../../build/rgbd_camera/rgbd_camera.egg-info/SOURCES.txt'
writing manifest file '../../build/rgbd_camera/rgbd_camera.egg-info/SOURCES.txt'
running build
running build_py
creating /home/locobot/SU_Robotics/ros_ws/build/rgbd_camera/build
creating /home/locobot/SU_Robotics/ros_ws/build/rgbd_camera/build/lib
creating /home/locobot/SU_Robotics/ros_ws/build/rgbd_camera/build/lib/rgbd_camera
copying rgbd_camera/__init__.py -> /home/locobot/SU_Robotics/ros_ws/build/rgbd_camera/build/lib/rgbd_camera
copying rgbd_camera/depth_node.py -> /home/locobot/SU_Robotics/ros_ws/build/rgbd_camera/build/lib/rgbd_camera
running install
running install_lib
creating /home/locobot/SU_Robotics/ros_ws/install/rgbd_camera/lib/python3.8/site-packages/rgbd_camera
copying /home/locobot/SU_Robotics/ros_ws/build/rgbd_camera/build/lib/rgbd_camera/__init__.py -> /home/locobot/SU_Robotics/ros_ws/install/rgbd_camera/lib/python3.8/site-packages/rgbd_camera
copying /home/locobot/SU_Robotics/ros_ws/build/rgbd_camera/build/lib/rgbd_camera/depth_node.py -> /home/locobot/SU_Robotics/ros_ws/install/rgbd_camera/lib/python3.8/site-packages/rgbd_camera
byte-compiling /home/locobot/SU_Robotics/ros_ws/install/rgbd_camera/lib/python3.8/site-packages/rgbd_camera/__init__.py to __init__.cpython-38.pyc
byte-compiling /home/locobot/SU_Robotics/ros_ws/install/rgbd_camera/lib/python3.8/site-packages/rgbd_camera/depth_node.py to depth_node.cpython-38.pyc
running install_data
creating /home/locobot/SU_Robotics/ros_ws/install/rgbd_camera/share/ament_index
creating /home/locobot/SU_Robotics/ros_ws/install/rgbd_camera/share/ament_index/resource_index
creating /home/locobot/SU_Robotics/ros_ws/install/rgbd_camera/share/ament_index/resource_index/packages
copying resource/rgbd_camera -> /home/locobot/SU_Robotics/ros_ws/install/rgbd_camera/share/ament_index/resource_index/packages
copying package.xml -> /home/locobot/SU_Robotics/ros_ws/install/rgbd_camera/share/rgbd_camera
running install_egg_info
Copying ../../build/rgbd_camera/rgbd_camera.egg-info to /home/locobot/SU_Robotics/ros_ws/install/rgbd_camera/lib/python3.8/site-packages/rgbd_camera-0.0.0-py3.8.egg-info
running install_scripts
Installing depth_node script to /home/locobot/SU_Robotics/ros_ws/install/rgbd_camera/lib/rgbd_camera
writing list of installed files to '/home/locobot/SU_Robotics/ros_ws/build/rgbd_camera/install.log'
