[1.027s] Invoking command in '/home/locobot/SU_Robotics/ros_ws/src/rgbd_camera': PYTHONPATH=/home/locobot/SU_Robotics/ros_ws/build/rgbd_camera/prefix_override:/home/locobot/SU_Robotics/ros_ws/install/rgbd_camera/lib/python3.8/site-packages:${PYTHONPATH} /usr/bin/python3 setup.py egg_info --egg-base ../../build/rgbd_camera build --build-base /home/locobot/SU_Robotics/ros_ws/build/rgbd_camera/build install --record /home/locobot/SU_Robotics/ros_ws/build/rgbd_camera/install.log --single-version-externally-managed
[1.229s] running egg_info
[1.230s] creating ../../build/rgbd_camera/rgbd_camera.egg-info
[1.230s] writing ../../build/rgbd_camera/rgbd_camera.egg-info/PKG-INFO
[1.230s] writing dependency_links to ../../build/rgbd_camera/rgbd_camera.egg-info/dependency_links.txt
[1.230s] writing entry points to ../../build/rgbd_camera/rgbd_camera.egg-info/entry_points.txt
[1.230s] writing requirements to ../../build/rgbd_camera/rgbd_camera.egg-info/requires.txt
[1.230s] writing top-level names to ../../build/rgbd_camera/rgbd_camera.egg-info/top_level.txt
[1.232s] writing manifest file '../../build/rgbd_camera/rgbd_camera.egg-info/SOURCES.txt'
[1.260s] reading manifest file '../../build/rgbd_camera/rgbd_camera.egg-info/SOURCES.txt'
[1.261s] writing manifest file '../../build/rgbd_camera/rgbd_camera.egg-info/SOURCES.txt'
[1.261s] running build
[1.261s] running build_py
[1.261s] creating /home/locobot/SU_Robotics/ros_ws/build/rgbd_camera/build
[1.261s] creating /home/locobot/SU_Robotics/ros_ws/build/rgbd_camera/build/lib
[1.261s] creating /home/locobot/SU_Robotics/ros_ws/build/rgbd_camera/build/lib/rgbd_camera
[1.261s] copying rgbd_camera/__init__.py -> /home/locobot/SU_Robotics/ros_ws/build/rgbd_camera/build/lib/rgbd_camera
[1.262s] copying rgbd_camera/depth_node.py -> /home/locobot/SU_Robotics/ros_ws/build/rgbd_camera/build/lib/rgbd_camera
[1.262s] running install
[1.262s] running install_lib
[1.263s] creating /home/locobot/SU_Robotics/ros_ws/install/rgbd_camera/lib/python3.8/site-packages/rgbd_camera
[1.263s] copying /home/locobot/SU_Robotics/ros_ws/build/rgbd_camera/build/lib/rgbd_camera/__init__.py -> /home/locobot/SU_Robotics/ros_ws/install/rgbd_camera/lib/python3.8/site-packages/rgbd_camera
[1.263s] copying /home/locobot/SU_Robotics/ros_ws/build/rgbd_camera/build/lib/rgbd_camera/depth_node.py -> /home/locobot/SU_Robotics/ros_ws/install/rgbd_camera/lib/python3.8/site-packages/rgbd_camera
[1.263s] byte-compiling /home/locobot/SU_Robotics/ros_ws/install/rgbd_camera/lib/python3.8/site-packages/rgbd_camera/__init__.py to __init__.cpython-38.pyc
[1.264s] byte-compiling /home/locobot/SU_Robotics/ros_ws/install/rgbd_camera/lib/python3.8/site-packages/rgbd_camera/depth_node.py to depth_node.cpython-38.pyc
[1.264s] running install_data
[1.265s] creating /home/locobot/SU_Robotics/ros_ws/install/rgbd_camera/share/ament_index
[1.265s] creating /home/locobot/SU_Robotics/ros_ws/install/rgbd_camera/share/ament_index/resource_index
[1.265s] creating /home/locobot/SU_Robotics/ros_ws/install/rgbd_camera/share/ament_index/resource_index/packages
[1.265s] copying resource/rgbd_camera -> /home/locobot/SU_Robotics/ros_ws/install/rgbd_camera/share/ament_index/resource_index/packages
[1.265s] copying package.xml -> /home/locobot/SU_Robotics/ros_ws/install/rgbd_camera/share/rgbd_camera
[1.265s] running install_egg_info
[1.266s] Copying ../../build/rgbd_camera/rgbd_camera.egg-info to /home/locobot/SU_Robotics/ros_ws/install/rgbd_camera/lib/python3.8/site-packages/rgbd_camera-0.0.0-py3.8.egg-info
[1.267s] running install_scripts
[1.281s] Installing depth_node script to /home/locobot/SU_Robotics/ros_ws/install/rgbd_camera/lib/rgbd_camera
[1.282s] writing list of installed files to '/home/locobot/SU_Robotics/ros_ws/build/rgbd_camera/install.log'
[1.296s] Invoked command in '/home/locobot/SU_Robotics/ros_ws/src/rgbd_camera' returned '0': PYTHONPATH=/home/locobot/SU_Robotics/ros_ws/build/rgbd_camera/prefix_override:/home/locobot/SU_Robotics/ros_ws/install/rgbd_camera/lib/python3.8/site-packages:${PYTHONPATH} /usr/bin/python3 setup.py egg_info --egg-base ../../build/rgbd_camera build --build-base /home/locobot/SU_Robotics/ros_ws/build/rgbd_camera/build install --record /home/locobot/SU_Robotics/ros_ws/build/rgbd_camera/install.log --single-version-externally-managed
