[2.505s] DEBUG:colcon:Command line arguments: ['/usr/bin/colcon', 'build']
[2.505s] DEBUG:colcon:Parsed command line arguments: Namespace(allow_overriding=[], ament_cmake_args=None, base_paths=['.'], build_base='build', catkin_cmake_args=None, catkin_skip_building_tests=False, cmake_args=None, cmake_clean_cache=False, cmake_clean_first=False, cmake_force_configure=False, cmake_target=None, cmake_target_skip_unavailable=False, continue_on_error=False, event_handlers=None, executor='parallel', ignore_user_meta=False, install_base='install', log_base=None, log_level=None, main=<bound method BuildVerb.main of <colcon_core.verb.build.BuildVerb object at 0x7efcf14271c0>>, merge_install=False, metas=['./colcon.meta'], packages_above=None, packages_above_and_dependencies=None, packages_above_depth=None, packages_end=None, packages_ignore=None, packages_ignore_regex=None, packages_select=None, packages_select_build_failed=False, packages_select_by_dep=None, packages_select_regex=None, packages_select_test_failures=False, packages_skip=None, packages_skip_build_finished=False, packages_skip_by_dep=None, packages_skip_regex=None, packages_skip_test_passed=False, packages_skip_up_to=None, packages_start=None, packages_up_to=None, packages_up_to_regex=None, parallel_workers=12, paths=None, symlink_install=False, test_result_base=None, verb_extension=<colcon_core.verb.build.BuildVerb object at 0x7efcf14271c0>, verb_name='build', verb_parser=<colcon_defaults.argument_parser.defaults.DefaultArgumentsDecorator object at 0x7efcf1427c40>)
[2.630s] Level 1:colcon.colcon_core.package_discovery:discover_packages(colcon_meta) check parameters
[2.630s] Level 1:colcon.colcon_core.package_discovery:discover_packages(recursive) check parameters
[2.630s] Level 1:colcon.colcon_core.package_discovery:discover_packages(ignore) check parameters
[2.630s] Level 1:colcon.colcon_core.package_discovery:discover_packages(path) check parameters
[2.630s] Level 1:colcon.colcon_core.package_discovery:discover_packages(colcon_meta) discover
[2.630s] Level 1:colcon.colcon_core.package_discovery:discover_packages(recursive) discover
[2.630s] INFO:colcon.colcon_core.package_discovery:Crawling recursively for packages in '/home/locobot/SU_Robotics/ros_ws'
[2.630s] Level 1:colcon.colcon_core.package_identification:_identify(.) by extensions ['ignore', 'ignore_ament_install']
[2.630s] Level 1:colcon.colcon_core.package_identification:_identify(.) by extension 'ignore'
[2.630s] Level 1:colcon.colcon_core.package_identification:_identify(.) by extension 'ignore_ament_install'
[2.630s] Level 1:colcon.colcon_core.package_identification:_identify(.) by extensions ['colcon_pkg']
[2.630s] Level 1:colcon.colcon_core.package_identification:_identify(.) by extension 'colcon_pkg'
[2.630s] Level 1:colcon.colcon_core.package_identification:_identify(.) by extensions ['colcon_meta']
[2.630s] Level 1:colcon.colcon_core.package_identification:_identify(.) by extension 'colcon_meta'
[2.630s] Level 1:colcon.colcon_core.package_identification:_identify(.) by extensions ['ros']
[2.630s] Level 1:colcon.colcon_core.package_identification:_identify(.) by extension 'ros'
[2.640s] Level 1:colcon.colcon_core.package_identification:_identify(.) by extensions ['cmake', 'python']
[2.640s] Level 1:colcon.colcon_core.package_identification:_identify(.) by extension 'cmake'
[2.640s] Level 1:colcon.colcon_core.package_identification:_identify(.) by extension 'python'
[2.640s] Level 1:colcon.colcon_core.package_identification:_identify(.) by extensions ['python_setup_py']
[2.640s] Level 1:colcon.colcon_core.package_identification:_identify(.) by extension 'python_setup_py'
[2.640s] Level 1:colcon.colcon_core.package_identification:_identify(build) by extensions ['ignore', 'ignore_ament_install']
[2.640s] Level 1:colcon.colcon_core.package_identification:_identify(build) by extension 'ignore'
[2.641s] Level 1:colcon.colcon_core.package_identification:_identify(build) ignored
[2.641s] Level 1:colcon.colcon_core.package_identification:_identify(install) by extensions ['ignore', 'ignore_ament_install']
[2.641s] Level 1:colcon.colcon_core.package_identification:_identify(install) by extension 'ignore'
[2.641s] Level 1:colcon.colcon_core.package_identification:_identify(install) ignored
[2.641s] Level 1:colcon.colcon_core.package_identification:_identify(launch) by extensions ['ignore', 'ignore_ament_install']
[2.641s] Level 1:colcon.colcon_core.package_identification:_identify(launch) by extension 'ignore'
[2.641s] Level 1:colcon.colcon_core.package_identification:_identify(launch) by extension 'ignore_ament_install'
[2.641s] Level 1:colcon.colcon_core.package_identification:_identify(launch) by extensions ['colcon_pkg']
[2.641s] Level 1:colcon.colcon_core.package_identification:_identify(launch) by extension 'colcon_pkg'
[2.641s] Level 1:colcon.colcon_core.package_identification:_identify(launch) by extensions ['colcon_meta']
[2.641s] Level 1:colcon.colcon_core.package_identification:_identify(launch) by extension 'colcon_meta'
[2.641s] Level 1:colcon.colcon_core.package_identification:_identify(launch) by extensions ['ros']
[2.641s] Level 1:colcon.colcon_core.package_identification:_identify(launch) by extension 'ros'
[2.641s] Level 1:colcon.colcon_core.package_identification:_identify(launch) by extensions ['cmake', 'python']
[2.641s] Level 1:colcon.colcon_core.package_identification:_identify(launch) by extension 'cmake'
[2.641s] Level 1:colcon.colcon_core.package_identification:_identify(launch) by extension 'python'
[2.641s] Level 1:colcon.colcon_core.package_identification:_identify(launch) by extensions ['python_setup_py']
[2.641s] Level 1:colcon.colcon_core.package_identification:_identify(launch) by extension 'python_setup_py'
[2.641s] Level 1:colcon.colcon_core.package_identification:_identify(launch/__pycache__) by extensions ['ignore', 'ignore_ament_install']
[2.642s] Level 1:colcon.colcon_core.package_identification:_identify(launch/__pycache__) by extension 'ignore'
[2.642s] Level 1:colcon.colcon_core.package_identification:_identify(launch/__pycache__) by extension 'ignore_ament_install'
[2.642s] Level 1:colcon.colcon_core.package_identification:_identify(launch/__pycache__) by extensions ['colcon_pkg']
[2.642s] Level 1:colcon.colcon_core.package_identification:_identify(launch/__pycache__) by extension 'colcon_pkg'
[2.642s] Level 1:colcon.colcon_core.package_identification:_identify(launch/__pycache__) by extensions ['colcon_meta']
[2.642s] Level 1:colcon.colcon_core.package_identification:_identify(launch/__pycache__) by extension 'colcon_meta'
[2.642s] Level 1:colcon.colcon_core.package_identification:_identify(launch/__pycache__) by extensions ['ros']
[2.642s] Level 1:colcon.colcon_core.package_identification:_identify(launch/__pycache__) by extension 'ros'
[2.642s] Level 1:colcon.colcon_core.package_identification:_identify(launch/__pycache__) by extensions ['cmake', 'python']
[2.642s] Level 1:colcon.colcon_core.package_identification:_identify(launch/__pycache__) by extension 'cmake'
[2.642s] Level 1:colcon.colcon_core.package_identification:_identify(launch/__pycache__) by extension 'python'
[2.642s] Level 1:colcon.colcon_core.package_identification:_identify(launch/__pycache__) by extensions ['python_setup_py']
[2.642s] Level 1:colcon.colcon_core.package_identification:_identify(launch/__pycache__) by extension 'python_setup_py'
[2.642s] Level 1:colcon.colcon_core.package_identification:_identify(log) by extensions ['ignore', 'ignore_ament_install']
[2.642s] Level 1:colcon.colcon_core.package_identification:_identify(log) by extension 'ignore'
[2.642s] Level 1:colcon.colcon_core.package_identification:_identify(log) ignored
[2.642s] Level 1:colcon.colcon_core.package_identification:_identify(src) by extensions ['ignore', 'ignore_ament_install']
[2.642s] Level 1:colcon.colcon_core.package_identification:_identify(src) by extension 'ignore'
[2.643s] Level 1:colcon.colcon_core.package_identification:_identify(src) by extension 'ignore_ament_install'
[2.643s] Level 1:colcon.colcon_core.package_identification:_identify(src) by extensions ['colcon_pkg']
[2.643s] Level 1:colcon.colcon_core.package_identification:_identify(src) by extension 'colcon_pkg'
[2.643s] Level 1:colcon.colcon_core.package_identification:_identify(src) by extensions ['colcon_meta']
[2.643s] Level 1:colcon.colcon_core.package_identification:_identify(src) by extension 'colcon_meta'
[2.643s] Level 1:colcon.colcon_core.package_identification:_identify(src) by extensions ['ros']
[2.643s] Level 1:colcon.colcon_core.package_identification:_identify(src) by extension 'ros'
[2.643s] Level 1:colcon.colcon_core.package_identification:_identify(src) by extensions ['cmake', 'python']
[2.643s] Level 1:colcon.colcon_core.package_identification:_identify(src) by extension 'cmake'
[2.643s] Level 1:colcon.colcon_core.package_identification:_identify(src) by extension 'python'
[2.643s] Level 1:colcon.colcon_core.package_identification:_identify(src) by extensions ['python_setup_py']
[2.643s] Level 1:colcon.colcon_core.package_identification:_identify(src) by extension 'python_setup_py'
[2.643s] Level 1:colcon.colcon_core.package_identification:_identify(src/rgbd_camera) by extensions ['ignore', 'ignore_ament_install']
[2.643s] Level 1:colcon.colcon_core.package_identification:_identify(src/rgbd_camera) by extension 'ignore'
[2.644s] Level 1:colcon.colcon_core.package_identification:_identify(src/rgbd_camera) by extension 'ignore_ament_install'
[2.644s] Level 1:colcon.colcon_core.package_identification:_identify(src/rgbd_camera) by extensions ['colcon_pkg']
[2.644s] Level 1:colcon.colcon_core.package_identification:_identify(src/rgbd_camera) by extension 'colcon_pkg'
[2.644s] Level 1:colcon.colcon_core.package_identification:_identify(src/rgbd_camera) by extensions ['colcon_meta']
[2.644s] Level 1:colcon.colcon_core.package_identification:_identify(src/rgbd_camera) by extension 'colcon_meta'
[2.644s] Level 1:colcon.colcon_core.package_identification:_identify(src/rgbd_camera) by extensions ['ros']
[2.644s] Level 1:colcon.colcon_core.package_identification:_identify(src/rgbd_camera) by extension 'ros'
[2.645s] DEBUG:colcon.colcon_core.package_identification:Failed to parse potential ROS package manifest in'src/rgbd_camera': Error(s) in package 'src/rgbd_camera/package.xml':
The manifest contains invalid XML:
mismatched tag: line 17, column 19
[2.645s] Level 1:colcon.colcon_core.package_identification:_identify(src/rgbd_camera) by extensions ['cmake', 'python']
[2.645s] Level 1:colcon.colcon_core.package_identification:_identify(src/rgbd_camera) by extension 'cmake'
[2.645s] Level 1:colcon.colcon_core.package_identification:_identify(src/rgbd_camera) by extension 'python'
[2.645s] DEBUG:colcon.colcon_core.package_identification:Python package in 'src/rgbd_camera' passes arguments to the setup() function which requires a different identification extension than 'python'
[2.645s] Level 1:colcon.colcon_core.package_identification:_identify(src/rgbd_camera) by extensions ['python_setup_py']
[2.646s] Level 1:colcon.colcon_core.package_identification:_identify(src/rgbd_camera) by extension 'python_setup_py'
[2.867s] DEBUG:colcon.colcon_core.package_identification:Package 'src/rgbd_camera' with type 'python' and name 'rgbd_camera'
[2.867s] Level 1:colcon.colcon_core.package_discovery:discover_packages(recursive) using defaults
[2.868s] Level 1:colcon.colcon_core.package_discovery:discover_packages(ignore) discover
[2.868s] Level 1:colcon.colcon_core.package_discovery:discover_packages(ignore) using defaults
[2.868s] Level 1:colcon.colcon_core.package_discovery:discover_packages(path) discover
[2.868s] Level 1:colcon.colcon_core.package_discovery:discover_packages(path) using defaults
[3.126s] Level 1:colcon.colcon_core.package_discovery:discover_packages(prefix_path) check parameters
[3.126s] Level 1:colcon.colcon_core.package_discovery:discover_packages(prefix_path) discover
[3.225s] DEBUG:colcon.colcon_installed_package_information.package_discovery:Found 29 installed packages in /home/locobot/interbotix_ws/install
[3.273s] DEBUG:colcon.colcon_installed_package_information.package_discovery:Found 1 installed packages in /home/locobot/apriltag_ws/install
[3.320s] DEBUG:colcon.colcon_installed_package_information.package_discovery:Found 1 installed packages in /home/locobot/SU_Robotics/ros_ws/install
[3.379s] DEBUG:colcon.colcon_installed_package_information.package_discovery:Found 378 installed packages in /opt/ros/galactic
[3.382s] Level 1:colcon.colcon_core.package_discovery:discover_packages(prefix_path) using defaults
[3.579s] Level 5:colcon.colcon_core.verb:set package 'rgbd_camera' build argument 'cmake_args' from command line to 'None'
[3.579s] Level 5:colcon.colcon_core.verb:set package 'rgbd_camera' build argument 'cmake_target' from command line to 'None'
[3.579s] Level 5:colcon.colcon_core.verb:set package 'rgbd_camera' build argument 'cmake_target_skip_unavailable' from command line to 'False'
[3.579s] Level 5:colcon.colcon_core.verb:set package 'rgbd_camera' build argument 'cmake_clean_cache' from command line to 'False'
[3.579s] Level 5:colcon.colcon_core.verb:set package 'rgbd_camera' build argument 'cmake_clean_first' from command line to 'False'
[3.579s] Level 5:colcon.colcon_core.verb:set package 'rgbd_camera' build argument 'cmake_force_configure' from command line to 'False'
[3.579s] Level 5:colcon.colcon_core.verb:set package 'rgbd_camera' build argument 'ament_cmake_args' from command line to 'None'
[3.579s] Level 5:colcon.colcon_core.verb:set package 'rgbd_camera' build argument 'catkin_cmake_args' from command line to 'None'
[3.579s] Level 5:colcon.colcon_core.verb:set package 'rgbd_camera' build argument 'catkin_skip_building_tests' from command line to 'False'
[3.579s] DEBUG:colcon.colcon_core.verb:Building package 'rgbd_camera' with the following arguments: {'ament_cmake_args': None, 'build_base': '/home/locobot/SU_Robotics/ros_ws/build/rgbd_camera', 'catkin_cmake_args': None, 'catkin_skip_building_tests': False, 'cmake_args': None, 'cmake_clean_cache': False, 'cmake_clean_first': False, 'cmake_force_configure': False, 'cmake_target': None, 'cmake_target_skip_unavailable': False, 'install_base': '/home/locobot/SU_Robotics/ros_ws/install/rgbd_camera', 'merge_install': False, 'path': '/home/locobot/SU_Robotics/ros_ws/src/rgbd_camera', 'symlink_install': False, 'test_result_base': None}
[3.625s] INFO:colcon.colcon_core.executor:Executing jobs using 'parallel' executor
[3.674s] DEBUG:colcon.colcon_parallel_executor.executor.parallel:run_until_complete
[3.675s] INFO:colcon.colcon_core.task.python.build:Building Python package in '/home/locobot/SU_Robotics/ros_ws/src/rgbd_camera'
[3.723s] INFO:colcon.colcon_core.plugin_system:Skipping extension 'colcon_core.shell.bat': Not used on non-Windows systems
[3.723s] INFO:colcon.colcon_core.shell:Skip shell extension 'powershell' for command environment: Not usable outside of PowerShell
[3.723s] DEBUG:colcon.colcon_core.shell:Skip shell extension 'dsv' for command environment
[4.602s] DEBUG:colcon.colcon_core.event_handler.log_command:Invoking command in '/home/locobot/SU_Robotics/ros_ws/src/rgbd_camera': PYTHONPATH=/home/locobot/SU_Robotics/ros_ws/build/rgbd_camera/prefix_override:/home/locobot/SU_Robotics/ros_ws/install/rgbd_camera/lib/python3.8/site-packages:${PYTHONPATH} /usr/bin/python3 setup.py egg_info --egg-base ../../build/rgbd_camera build --build-base /home/locobot/SU_Robotics/ros_ws/build/rgbd_camera/build install --record /home/locobot/SU_Robotics/ros_ws/build/rgbd_camera/install.log --single-version-externally-managed
[4.900s] DEBUG:colcon.colcon_core.event_handler.log_command:Invoked command in '/home/locobot/SU_Robotics/ros_ws/src/rgbd_camera' returned '0': PYTHONPATH=/home/locobot/SU_Robotics/ros_ws/build/rgbd_camera/prefix_override:/home/locobot/SU_Robotics/ros_ws/install/rgbd_camera/lib/python3.8/site-packages:${PYTHONPATH} /usr/bin/python3 setup.py egg_info --egg-base ../../build/rgbd_camera build --build-base /home/locobot/SU_Robotics/ros_ws/build/rgbd_camera/build install --record /home/locobot/SU_Robotics/ros_ws/build/rgbd_camera/install.log --single-version-externally-managed
[4.948s] Level 1:colcon.colcon_core.environment:checking '/home/locobot/SU_Robotics/ros_ws/install/rgbd_camera' for CMake module files
[4.949s] Level 1:colcon.colcon_core.environment:checking '/home/locobot/SU_Robotics/ros_ws/install/rgbd_camera' for CMake config files
[4.949s] Level 1:colcon.colcon_core.environment:checking '/home/locobot/SU_Robotics/ros_ws/install/rgbd_camera/lib'
[4.949s] Level 1:colcon.colcon_core.environment:checking '/home/locobot/SU_Robotics/ros_ws/install/rgbd_camera/bin'
[4.950s] Level 1:colcon.colcon_core.environment:checking '/home/locobot/SU_Robotics/ros_ws/install/rgbd_camera/lib/pkgconfig/rgbd_camera.pc'
[4.950s] Level 1:colcon.colcon_core.environment:checking '/home/locobot/SU_Robotics/ros_ws/install/rgbd_camera/lib/python3.8/site-packages'
[4.950s] Level 1:colcon.colcon_core.shell:create_environment_hook('rgbd_camera', 'pythonpath')
[4.993s] INFO:colcon.colcon_core.shell:Creating environment hook '/home/locobot/SU_Robotics/ros_ws/install/rgbd_camera/share/rgbd_camera/hook/pythonpath.ps1'
[4.993s] INFO:colcon.colcon_core.shell:Creating environment descriptor '/home/locobot/SU_Robotics/ros_ws/install/rgbd_camera/share/rgbd_camera/hook/pythonpath.dsv'
[4.994s] INFO:colcon.colcon_core.shell:Creating environment hook '/home/locobot/SU_Robotics/ros_ws/install/rgbd_camera/share/rgbd_camera/hook/pythonpath.sh'
[4.994s] Level 1:colcon.colcon_core.environment:checking '/home/locobot/SU_Robotics/ros_ws/install/rgbd_camera/bin'
[4.994s] Level 1:colcon.colcon_core.environment:create_environment_scripts_only(rgbd_camera)
[5.036s] INFO:colcon.colcon_core.shell:Creating package script '/home/locobot/SU_Robotics/ros_ws/install/rgbd_camera/share/rgbd_camera/package.ps1'
[5.037s] INFO:colcon.colcon_core.shell:Creating package descriptor '/home/locobot/SU_Robotics/ros_ws/install/rgbd_camera/share/rgbd_camera/package.dsv'
[5.038s] INFO:colcon.colcon_core.shell:Creating package script '/home/locobot/SU_Robotics/ros_ws/install/rgbd_camera/share/rgbd_camera/package.sh'
[5.038s] INFO:colcon.colcon_core.shell:Creating package script '/home/locobot/SU_Robotics/ros_ws/install/rgbd_camera/share/rgbd_camera/package.bash'
[5.039s] INFO:colcon.colcon_core.shell:Creating package script '/home/locobot/SU_Robotics/ros_ws/install/rgbd_camera/share/rgbd_camera/package.zsh'
[5.039s] Level 1:colcon.colcon_core.environment:create_file_with_runtime_dependencies(/home/locobot/SU_Robotics/ros_ws/install/rgbd_camera/share/colcon-core/packages/rgbd_camera)
[5.040s] DEBUG:colcon.colcon_parallel_executor.executor.parallel:closing loop
[5.040s] DEBUG:colcon.colcon_parallel_executor.executor.parallel:loop closed
[5.040s] DEBUG:colcon.colcon_parallel_executor.executor.parallel:run_until_complete finished with '0'
[5.040s] DEBUG:colcon.colcon_core.event_reactor:joining thread
[5.093s] INFO:colcon.colcon_core.plugin_system:Skipping extension 'colcon_notification.desktop_notification.terminal_notifier': Not used on non-Darwin systems
[5.093s] INFO:colcon.colcon_core.plugin_system:Skipping extension 'colcon_notification.desktop_notification.win32': Not used on non-Windows systems
[5.093s] INFO:colcon.colcon_notification.desktop_notification:Sending desktop notification using 'notify2'
[5.106s] DEBUG:colcon.colcon_core.event_reactor:joined thread
[5.156s] INFO:colcon.colcon_core.shell:Creating prefix script '/home/locobot/SU_Robotics/ros_ws/install/local_setup.ps1'
[5.157s] INFO:colcon.colcon_core.shell:Creating prefix util module '/home/locobot/SU_Robotics/ros_ws/install/_local_setup_util_ps1.py'
[5.158s] INFO:colcon.colcon_core.shell:Creating prefix chain script '/home/locobot/SU_Robotics/ros_ws/install/setup.ps1'
[5.203s] INFO:colcon.colcon_core.shell:Creating prefix script '/home/locobot/SU_Robotics/ros_ws/install/local_setup.sh'
[5.204s] INFO:colcon.colcon_core.shell:Creating prefix util module '/home/locobot/SU_Robotics/ros_ws/install/_local_setup_util_sh.py'
[5.204s] INFO:colcon.colcon_core.shell:Creating prefix chain script '/home/locobot/SU_Robotics/ros_ws/install/setup.sh'
[5.250s] INFO:colcon.colcon_core.shell:Creating prefix script '/home/locobot/SU_Robotics/ros_ws/install/local_setup.bash'
[5.250s] INFO:colcon.colcon_core.shell:Creating prefix chain script '/home/locobot/SU_Robotics/ros_ws/install/setup.bash'
[5.295s] INFO:colcon.colcon_core.shell:Creating prefix script '/home/locobot/SU_Robotics/ros_ws/install/local_setup.zsh'
[5.296s] INFO:colcon.colcon_core.shell:Creating prefix chain script '/home/locobot/SU_Robotics/ros_ws/install/setup.zsh'
