[1.442s] Invoking command in '/home/locobot/ros_ws/src/my_package': PYTHONPATH=/home/locobot/ros_ws/build/my_package/prefix_override:/home/locobot/ros_ws/install/my_package/lib/python3.8/site-packages:${PYTHONPATH} /usr/bin/python3 setup.py egg_info --egg-base ../../build/my_package build --build-base /home/locobot/ros_ws/build/my_package/build install --record /home/locobot/ros_ws/build/my_package/install.log --single-version-externally-managed
[1.645s] running egg_info
[1.645s] creating ../../build/my_package/my_package.egg-info
[1.645s] writing ../../build/my_package/my_package.egg-info/PKG-INFO
[1.645s] writing dependency_links to ../../build/my_package/my_package.egg-info/dependency_links.txt
[1.646s] writing entry points to ../../build/my_package/my_package.egg-info/entry_points.txt
[1.646s] writing requirements to ../../build/my_package/my_package.egg-info/requires.txt
[1.646s] writing top-level names to ../../build/my_package/my_package.egg-info/top_level.txt
[1.647s] writing manifest file '../../build/my_package/my_package.egg-info/SOURCES.txt'
[1.675s] reading manifest file '../../build/my_package/my_package.egg-info/SOURCES.txt'
[1.676s] writing manifest file '../../build/my_package/my_package.egg-info/SOURCES.txt'
[1.676s] running build
[1.676s] running build_py
[1.676s] creating /home/locobot/ros_ws/build/my_package/build
[1.676s] creating /home/locobot/ros_ws/build/my_package/build/lib
[1.676s] creating /home/locobot/ros_ws/build/my_package/build/lib/my_package
[1.676s] copying my_package/__init__.py -> /home/locobot/ros_ws/build/my_package/build/lib/my_package
[1.676s] copying my_package/my_node.py -> /home/locobot/ros_ws/build/my_package/build/lib/my_package
[1.676s] running install
[1.677s] running install_lib
[1.677s] creating /home/locobot/ros_ws/install/my_package/lib/python3.8/site-packages/my_package
[1.677s] copying /home/locobot/ros_ws/build/my_package/build/lib/my_package/__init__.py -> /home/locobot/ros_ws/install/my_package/lib/python3.8/site-packages/my_package
[1.677s] copying /home/locobot/ros_ws/build/my_package/build/lib/my_package/my_node.py -> /home/locobot/ros_ws/install/my_package/lib/python3.8/site-packages/my_package
[1.678s] byte-compiling /home/locobot/ros_ws/install/my_package/lib/python3.8/site-packages/my_package/__init__.py to __init__.cpython-38.pyc
[1.679s] byte-compiling /home/locobot/ros_ws/install/my_package/lib/python3.8/site-packages/my_package/my_node.py to my_node.cpython-38.pyc
[1.679s] running install_data
[1.679s] creating /home/locobot/ros_ws/install/my_package/share/ament_index
[1.679s] creating /home/locobot/ros_ws/install/my_package/share/ament_index/resource_index
[1.679s] creating /home/locobot/ros_ws/install/my_package/share/ament_index/resource_index/packages
[1.680s] copying resource/my_package -> /home/locobot/ros_ws/install/my_package/share/ament_index/resource_index/packages
[1.680s] copying package.xml -> /home/locobot/ros_ws/install/my_package/share/my_package
[1.680s] running install_egg_info
[1.681s] Copying ../../build/my_package/my_package.egg-info to /home/locobot/ros_ws/install/my_package/lib/python3.8/site-packages/my_package-0.0.0-py3.8.egg-info
[1.681s] running install_scripts
[1.697s] Installing my_node script to /home/locobot/ros_ws/install/my_package/lib/my_package
[1.697s] writing list of installed files to '/home/locobot/ros_ws/build/my_package/install.log'
[1.844s] Invoked command in '/home/locobot/ros_ws/src/my_package' returned '0': PYTHONPATH=/home/locobot/ros_ws/build/my_package/prefix_override:/home/locobot/ros_ws/install/my_package/lib/python3.8/site-packages:${PYTHONPATH} /usr/bin/python3 setup.py egg_info --egg-base ../../build/my_package build --build-base /home/locobot/ros_ws/build/my_package/build install --record /home/locobot/ros_ws/build/my_package/install.log --single-version-externally-managed
