[1.403s] Invoking command in '/home/locobot/ros_ws/src/my_package': PYTHONPATH=/home/locobot/ros_ws/build/my_package/prefix_override:/home/locobot/ros_ws/install/my_package/lib/python3.8/site-packages:${PYTHONPATH} /usr/bin/python3 setup.py egg_info --egg-base ../../build/my_package build --build-base /home/locobot/ros_ws/build/my_package/build install --record /home/locobot/ros_ws/build/my_package/install.log --single-version-externally-managed
[1.602s] running egg_info
[1.603s] writing ../../build/my_package/my_package.egg-info/PKG-INFO
[1.603s] writing dependency_links to ../../build/my_package/my_package.egg-info/dependency_links.txt
[1.603s] writing entry points to ../../build/my_package/my_package.egg-info/entry_points.txt
[1.603s] writing requirements to ../../build/my_package/my_package.egg-info/requires.txt
[1.603s] writing top-level names to ../../build/my_package/my_package.egg-info/top_level.txt
[1.633s] reading manifest file '../../build/my_package/my_package.egg-info/SOURCES.txt'
[1.633s] writing manifest file '../../build/my_package/my_package.egg-info/SOURCES.txt'
[1.633s] running build
[1.633s] running build_py
[1.634s] running install
[1.634s] running install_lib
[1.635s] running install_data
[1.636s] running install_egg_info
[1.637s] removing '/home/locobot/ros_ws/install/my_package/lib/python3.8/site-packages/my_package-0.0.0-py3.8.egg-info' (and everything under it)
[1.637s] Copying ../../build/my_package/my_package.egg-info to /home/locobot/ros_ws/install/my_package/lib/python3.8/site-packages/my_package-0.0.0-py3.8.egg-info
[1.638s] running install_scripts
[1.652s] Installing my_node script to /home/locobot/ros_ws/install/my_package/lib/my_package
[1.652s] writing list of installed files to '/home/locobot/ros_ws/build/my_package/install.log'
[1.798s] Invoked command in '/home/locobot/ros_ws/src/my_package' returned '0': PYTHONPATH=/home/locobot/ros_ws/build/my_package/prefix_override:/home/locobot/ros_ws/install/my_package/lib/python3.8/site-packages:${PYTHONPATH} /usr/bin/python3 setup.py egg_info --egg-base ../../build/my_package build --build-base /home/locobot/ros_ws/build/my_package/build install --record /home/locobot/ros_ws/build/my_package/install.log --single-version-externally-managed
