[2.308s] DEBUG:colcon:Command line arguments: ['/usr/bin/colcon', 'build']
[2.308s] DEBUG:colcon:Parsed command line arguments: Namespace(allow_overriding=[], ament_cmake_args=None, base_paths=['.'], build_base='build', catkin_cmake_args=None, catkin_skip_building_tests=False, cmake_args=None, cmake_clean_cache=False, cmake_clean_first=False, cmake_force_configure=False, cmake_target=None, cmake_target_skip_unavailable=False, continue_on_error=False, event_handlers=None, executor='parallel', ignore_user_meta=False, install_base='install', log_base=None, log_level=None, main=<bound method BuildVerb.main of <colcon_core.verb.build.BuildVerb object at 0x7f1d14549190>>, merge_install=False, metas=['./colcon.meta'], packages_above=None, packages_above_and_dependencies=None, packages_above_depth=None, packages_end=None, packages_ignore=None, packages_ignore_regex=None, packages_select=None, packages_select_build_failed=False, packages_select_by_dep=None, packages_select_regex=None, packages_select_test_failures=False, packages_skip=None, packages_skip_build_finished=False, packages_skip_by_dep=None, packages_skip_regex=None, packages_skip_test_passed=False, packages_skip_up_to=None, packages_start=None, packages_up_to=None, packages_up_to_regex=None, parallel_workers=12, paths=None, symlink_install=False, test_result_base=None, verb_extension=<colcon_core.verb.build.BuildVerb object at 0x7f1d14549190>, verb_name='build', verb_parser=<colcon_defaults.argument_parser.defaults.DefaultArgumentsDecorator object at 0x7f1d14549040>)
[2.405s] Level 1:colcon.colcon_core.package_discovery:discover_packages(colcon_meta) check parameters
[2.405s] Level 1:colcon.colcon_core.package_discovery:discover_packages(recursive) check parameters
[2.405s] Level 1:colcon.colcon_core.package_discovery:discover_packages(ignore) check parameters
[2.405s] Level 1:colcon.colcon_core.package_discovery:discover_packages(path) check parameters
[2.405s] Level 1:colcon.colcon_core.package_discovery:discover_packages(colcon_meta) discover
[2.405s] Level 1:colcon.colcon_core.package_discovery:discover_packages(recursive) discover
[2.405s] INFO:colcon.colcon_core.package_discovery:Crawling recursively for packages in '/home/locobot/SU_Robotics/ros_ws'
[2.405s] Level 1:colcon.colcon_core.package_identification:_identify(.) by extensions ['ignore', 'ignore_ament_install']
[2.405s] Level 1:colcon.colcon_core.package_identification:_identify(.) by extension 'ignore'
[2.405s] Level 1:colcon.colcon_core.package_identification:_identify(.) by extension 'ignore_ament_install'
[2.405s] Level 1:colcon.colcon_core.package_identification:_identify(.) by extensions ['colcon_pkg']
[2.405s] Level 1:colcon.colcon_core.package_identification:_identify(.) by extension 'colcon_pkg'
[2.405s] Level 1:colcon.colcon_core.package_identification:_identify(.) by extensions ['colcon_meta']
[2.406s] Level 1:colcon.colcon_core.package_identification:_identify(.) by extension 'colcon_meta'
[2.406s] Level 1:colcon.colcon_core.package_identification:_identify(.) by extensions ['ros']
[2.406s] Level 1:colcon.colcon_core.package_identification:_identify(.) by extension 'ros'
[2.415s] Level 1:colcon.colcon_core.package_identification:_identify(.) by extensions ['cmake', 'python']
[2.415s] Level 1:colcon.colcon_core.package_identification:_identify(.) by extension 'cmake'
[2.415s] Level 1:colcon.colcon_core.package_identification:_identify(.) by extension 'python'
[2.415s] Level 1:colcon.colcon_core.package_identification:_identify(.) by extensions ['python_setup_py']
[2.415s] Level 1:colcon.colcon_core.package_identification:_identify(.) by extension 'python_setup_py'
[2.415s] Level 1:colcon.colcon_core.package_identification:_identify(build) by extensions ['ignore', 'ignore_ament_install']
[2.415s] Level 1:colcon.colcon_core.package_identification:_identify(build) by extension 'ignore'
[2.415s] Level 1:colcon.colcon_core.package_identification:_identify(build) ignored
[2.415s] Level 1:colcon.colcon_core.package_identification:_identify(install) by extensions ['ignore', 'ignore_ament_install']
[2.415s] Level 1:colcon.colcon_core.package_identification:_identify(install) by extension 'ignore'
[2.415s] Level 1:colcon.colcon_core.package_identification:_identify(install) ignored
[2.416s] Level 1:colcon.colcon_core.package_identification:_identify(log) by extensions ['ignore', 'ignore_ament_install']
[2.416s] Level 1:colcon.colcon_core.package_identification:_identify(log) by extension 'ignore'
[2.416s] Level 1:colcon.colcon_core.package_identification:_identify(log) ignored
[2.416s] Level 1:colcon.colcon_core.package_identification:_identify(src) by extensions ['ignore', 'ignore_ament_install']
[2.416s] Level 1:colcon.colcon_core.package_identification:_identify(src) by extension 'ignore'
[2.416s] Level 1:colcon.colcon_core.package_identification:_identify(src) by extension 'ignore_ament_install'
[2.416s] Level 1:colcon.colcon_core.package_identification:_identify(src) by extensions ['colcon_pkg']
[2.416s] Level 1:colcon.colcon_core.package_identification:_identify(src) by extension 'colcon_pkg'
[2.416s] Level 1:colcon.colcon_core.package_identification:_identify(src) by extensions ['colcon_meta']
[2.416s] Level 1:colcon.colcon_core.package_identification:_identify(src) by extension 'colcon_meta'
[2.416s] Level 1:colcon.colcon_core.package_identification:_identify(src) by extensions ['ros']
[2.416s] Level 1:colcon.colcon_core.package_identification:_identify(src) by extension 'ros'
[2.416s] Level 1:colcon.colcon_core.package_identification:_identify(src) by extensions ['cmake', 'python']
[2.416s] Level 1:colcon.colcon_core.package_identification:_identify(src) by extension 'cmake'
[2.416s] Level 1:colcon.colcon_core.package_identification:_identify(src) by extension 'python'
[2.416s] Level 1:colcon.colcon_core.package_identification:_identify(src) by extensions ['python_setup_py']
[2.416s] Level 1:colcon.colcon_core.package_identification:_identify(src) by extension 'python_setup_py'
[2.416s] Level 1:colcon.colcon_core.package_identification:_identify(src/rgbd_camera) by extensions ['ignore', 'ignore_ament_install']
[2.416s] Level 1:colcon.colcon_core.package_identification:_identify(src/rgbd_camera) by extension 'ignore'
[2.416s] Level 1:colcon.colcon_core.package_identification:_identify(src/rgbd_camera) by extension 'ignore_ament_install'
[2.417s] Level 1:colcon.colcon_core.package_identification:_identify(src/rgbd_camera) by extensions ['colcon_pkg']
[2.417s] Level 1:colcon.colcon_core.package_identification:_identify(src/rgbd_camera) by extension 'colcon_pkg'
[2.417s] Level 1:colcon.colcon_core.package_identification:_identify(src/rgbd_camera) by extensions ['colcon_meta']
[2.417s] Level 1:colcon.colcon_core.package_identification:_identify(src/rgbd_camera) by extension 'colcon_meta'
[2.417s] Level 1:colcon.colcon_core.package_identification:_identify(src/rgbd_camera) by extensions ['ros']
[2.417s] Level 1:colcon.colcon_core.package_identification:_identify(src/rgbd_camera) by extension 'ros'
[2.419s] DEBUG:colcon.colcon_core.package_identification:Package 'src/rgbd_camera' with type 'ros.ament_python' and name 'rgbd_camera'
[2.419s] Level 1:colcon.colcon_core.package_discovery:discover_packages(recursive) using defaults
[2.419s] Level 1:colcon.colcon_core.package_discovery:discover_packages(ignore) discover
[2.419s] Level 1:colcon.colcon_core.package_discovery:discover_packages(ignore) using defaults
[2.419s] Level 1:colcon.colcon_core.package_discovery:discover_packages(path) discover
[2.419s] Level 1:colcon.colcon_core.package_discovery:discover_packages(path) using defaults
[2.635s] Level 1:colcon.colcon_core.package_discovery:discover_packages(prefix_path) check parameters
[2.635s] Level 1:colcon.colcon_core.package_discovery:discover_packages(prefix_path) discover
[2.715s] DEBUG:colcon.colcon_installed_package_information.package_discovery:Found 28 installed packages in /home/locobot/interbotix_ws/install
[2.754s] DEBUG:colcon.colcon_installed_package_information.package_discovery:Found 1 installed packages in /home/locobot/apriltag_ws/install
[2.794s] DEBUG:colcon.colcon_installed_package_information.package_discovery:Found 378 installed packages in /opt/ros/galactic
[2.796s] Level 1:colcon.colcon_core.package_discovery:discover_packages(prefix_path) using defaults
[2.966s] Level 5:colcon.colcon_core.verb:set package 'rgbd_camera' build argument 'cmake_args' from command line to 'None'
[2.966s] Level 5:colcon.colcon_core.verb:set package 'rgbd_camera' build argument 'cmake_target' from command line to 'None'
[2.966s] Level 5:colcon.colcon_core.verb:set package 'rgbd_camera' build argument 'cmake_target_skip_unavailable' from command line to 'False'
[2.966s] Level 5:colcon.colcon_core.verb:set package 'rgbd_camera' build argument 'cmake_clean_cache' from command line to 'False'
[2.966s] Level 5:colcon.colcon_core.verb:set package 'rgbd_camera' build argument 'cmake_clean_first' from command line to 'False'
[2.966s] Level 5:colcon.colcon_core.verb:set package 'rgbd_camera' build argument 'cmake_force_configure' from command line to 'False'
[2.966s] Level 5:colcon.colcon_core.verb:set package 'rgbd_camera' build argument 'ament_cmake_args' from command line to 'None'
[2.966s] Level 5:colcon.colcon_core.verb:set package 'rgbd_camera' build argument 'catkin_cmake_args' from command line to 'None'
[2.966s] Level 5:colcon.colcon_core.verb:set package 'rgbd_camera' build argument 'catkin_skip_building_tests' from command line to 'False'
[2.966s] DEBUG:colcon.colcon_core.verb:Building package 'rgbd_camera' with the following arguments: {'ament_cmake_args': None, 'build_base': '/home/locobot/SU_Robotics/ros_ws/build/rgbd_camera', 'catkin_cmake_args': None, 'catkin_skip_building_tests': False, 'cmake_args': None, 'cmake_clean_cache': False, 'cmake_clean_first': False, 'cmake_force_configure': False, 'cmake_target': None, 'cmake_target_skip_unavailable': False, 'install_base': '/home/locobot/SU_Robotics/ros_ws/install/rgbd_camera', 'merge_install': False, 'path': '/home/locobot/SU_Robotics/ros_ws/src/rgbd_camera', 'symlink_install': False, 'test_result_base': None}
[3.005s] INFO:colcon.colcon_core.executor:Executing jobs using 'parallel' executor
[3.045s] DEBUG:colcon.colcon_parallel_executor.executor.parallel:run_until_complete
[3.045s] INFO:colcon.colcon_ros.task.ament_python.build:Building ROS package in '/home/locobot/SU_Robotics/ros_ws/src/rgbd_camera' with build type 'ament_python'
[3.045s] Level 1:colcon.colcon_core.shell:create_environment_hook('rgbd_camera', 'ament_prefix_path')
[3.086s] INFO:colcon.colcon_core.plugin_system:Skipping extension 'colcon_core.shell.bat': Not used on non-Windows systems
[3.086s] INFO:colcon.colcon_core.shell:Creating environment hook '/home/locobot/SU_Robotics/ros_ws/install/rgbd_camera/share/rgbd_camera/hook/ament_prefix_path.ps1'
[3.087s] INFO:colcon.colcon_core.shell:Creating environment descriptor '/home/locobot/SU_Robotics/ros_ws/install/rgbd_camera/share/rgbd_camera/hook/ament_prefix_path.dsv'
[3.087s] INFO:colcon.colcon_core.shell:Creating environment hook '/home/locobot/SU_Robotics/ros_ws/install/rgbd_camera/share/rgbd_camera/hook/ament_prefix_path.sh'
[3.127s] INFO:colcon.colcon_core.shell:Skip shell extension 'powershell' for command environment: Not usable outside of PowerShell
[3.127s] DEBUG:colcon.colcon_core.shell:Skip shell extension 'dsv' for command environment
[3.501s] INFO:colcon.colcon_core.task.python.build:Building Python package in '/home/locobot/SU_Robotics/ros_ws/src/rgbd_camera'
[3.542s] INFO:colcon.colcon_core.shell:Skip shell extension 'powershell' for command environment: Not usable outside of PowerShell
[3.542s] DEBUG:colcon.colcon_core.shell:Skip shell extension 'dsv' for command environment
[4.046s] DEBUG:colcon.colcon_core.event_handler.log_command:Invoking command in '/home/locobot/SU_Robotics/ros_ws/src/rgbd_camera': PYTHONPATH=/home/locobot/SU_Robotics/ros_ws/build/rgbd_camera/prefix_override:/home/locobot/SU_Robotics/ros_ws/install/rgbd_camera/lib/python3.8/site-packages:${PYTHONPATH} /usr/bin/python3 setup.py egg_info --egg-base ../../build/rgbd_camera build --build-base /home/locobot/SU_Robotics/ros_ws/build/rgbd_camera/build install --record /home/locobot/SU_Robotics/ros_ws/build/rgbd_camera/install.log --single-version-externally-managed
[4.314s] DEBUG:colcon.colcon_core.event_handler.log_command:Invoked command in '/home/locobot/SU_Robotics/ros_ws/src/rgbd_camera' returned '0': PYTHONPATH=/home/locobot/SU_Robotics/ros_ws/build/rgbd_camera/prefix_override:/home/locobot/SU_Robotics/ros_ws/install/rgbd_camera/lib/python3.8/site-packages:${PYTHONPATH} /usr/bin/python3 setup.py egg_info --egg-base ../../build/rgbd_camera build --build-base /home/locobot/SU_Robotics/ros_ws/build/rgbd_camera/build install --record /home/locobot/SU_Robotics/ros_ws/build/rgbd_camera/install.log --single-version-externally-managed
[4.358s] Level 1:colcon.colcon_core.environment:checking '/home/locobot/SU_Robotics/ros_ws/install/rgbd_camera' for CMake module files
[4.358s] Level 1:colcon.colcon_core.environment:checking '/home/locobot/SU_Robotics/ros_ws/install/rgbd_camera' for CMake config files
[4.358s] Level 1:colcon.colcon_core.environment:checking '/home/locobot/SU_Robotics/ros_ws/install/rgbd_camera/lib'
[4.359s] Level 1:colcon.colcon_core.environment:checking '/home/locobot/SU_Robotics/ros_ws/install/rgbd_camera/bin'
[4.359s] Level 1:colcon.colcon_core.environment:checking '/home/locobot/SU_Robotics/ros_ws/install/rgbd_camera/lib/pkgconfig/rgbd_camera.pc'
[4.359s] Level 1:colcon.colcon_core.environment:checking '/home/locobot/SU_Robotics/ros_ws/install/rgbd_camera/lib/python3.8/site-packages'
[4.359s] Level 1:colcon.colcon_core.shell:create_environment_hook('rgbd_camera', 'pythonpath')
[4.399s] INFO:colcon.colcon_core.shell:Creating environment hook '/home/locobot/SU_Robotics/ros_ws/install/rgbd_camera/share/rgbd_camera/hook/pythonpath.ps1'
[4.399s] INFO:colcon.colcon_core.shell:Creating environment descriptor '/home/locobot/SU_Robotics/ros_ws/install/rgbd_camera/share/rgbd_camera/hook/pythonpath.dsv'
[4.400s] INFO:colcon.colcon_core.shell:Creating environment hook '/home/locobot/SU_Robotics/ros_ws/install/rgbd_camera/share/rgbd_camera/hook/pythonpath.sh'
[4.400s] Level 1:colcon.colcon_core.environment:checking '/home/locobot/SU_Robotics/ros_ws/install/rgbd_camera/bin'
[4.400s] Level 1:colcon.colcon_core.environment:create_environment_scripts_only(rgbd_camera)
[4.440s] INFO:colcon.colcon_core.shell:Creating package script '/home/locobot/SU_Robotics/ros_ws/install/rgbd_camera/share/rgbd_camera/package.ps1'
[4.441s] INFO:colcon.colcon_core.shell:Creating package descriptor '/home/locobot/SU_Robotics/ros_ws/install/rgbd_camera/share/rgbd_camera/package.dsv'
[4.441s] INFO:colcon.colcon_core.shell:Creating package script '/home/locobot/SU_Robotics/ros_ws/install/rgbd_camera/share/rgbd_camera/package.sh'
[4.442s] INFO:colcon.colcon_core.shell:Creating package script '/home/locobot/SU_Robotics/ros_ws/install/rgbd_camera/share/rgbd_camera/package.bash'
[4.442s] INFO:colcon.colcon_core.shell:Creating package script '/home/locobot/SU_Robotics/ros_ws/install/rgbd_camera/share/rgbd_camera/package.zsh'
[4.443s] Level 1:colcon.colcon_core.environment:create_file_with_runtime_dependencies(/home/locobot/SU_Robotics/ros_ws/install/rgbd_camera/share/colcon-core/packages/rgbd_camera)
[4.443s] DEBUG:colcon.colcon_parallel_executor.executor.parallel:closing loop
[4.443s] DEBUG:colcon.colcon_parallel_executor.executor.parallel:loop closed
[4.443s] DEBUG:colcon.colcon_parallel_executor.executor.parallel:run_until_complete finished with '0'
[4.443s] DEBUG:colcon.colcon_core.event_reactor:joining thread
[4.491s] INFO:colcon.colcon_core.plugin_system:Skipping extension 'colcon_notification.desktop_notification.terminal_notifier': Not used on non-Darwin systems
[4.491s] INFO:colcon.colcon_core.plugin_system:Skipping extension 'colcon_notification.desktop_notification.win32': Not used on non-Windows systems
[4.491s] INFO:colcon.colcon_notification.desktop_notification:Sending desktop notification using 'notify2'
[4.503s] DEBUG:colcon.colcon_core.event_reactor:joined thread
[4.545s] INFO:colcon.colcon_core.shell:Creating prefix script '/home/locobot/SU_Robotics/ros_ws/install/local_setup.ps1'
[4.546s] INFO:colcon.colcon_core.shell:Creating prefix util module '/home/locobot/SU_Robotics/ros_ws/install/_local_setup_util_ps1.py'
[4.547s] INFO:colcon.colcon_core.shell:Creating prefix chain script '/home/locobot/SU_Robotics/ros_ws/install/setup.ps1'
[4.588s] INFO:colcon.colcon_core.shell:Creating prefix script '/home/locobot/SU_Robotics/ros_ws/install/local_setup.sh'
[4.589s] INFO:colcon.colcon_core.shell:Creating prefix util module '/home/locobot/SU_Robotics/ros_ws/install/_local_setup_util_sh.py'
[4.589s] INFO:colcon.colcon_core.shell:Creating prefix chain script '/home/locobot/SU_Robotics/ros_ws/install/setup.sh'
[4.631s] INFO:colcon.colcon_core.shell:Creating prefix script '/home/locobot/SU_Robotics/ros_ws/install/local_setup.bash'
[4.631s] INFO:colcon.colcon_core.shell:Creating prefix chain script '/home/locobot/SU_Robotics/ros_ws/install/setup.bash'
[4.672s] INFO:colcon.colcon_core.shell:Creating prefix script '/home/locobot/SU_Robotics/ros_ws/install/local_setup.zsh'
[4.672s] INFO:colcon.colcon_core.shell:Creating prefix chain script '/home/locobot/SU_Robotics/ros_ws/install/setup.zsh'
