[1.418s] Invoking command in '/home/locobot/ros_ws/src/my_package': PYTHONPATH=/home/locobot/ros_ws/build/my_package/prefix_override:/home/locobot/ros_ws/install/my_package/lib/python3.8/site-packages:${PYTHONPATH} /usr/bin/python3 setup.py egg_info --egg-base ../../build/my_package build --build-base /home/locobot/ros_ws/build/my_package/build install --record /home/locobot/ros_ws/build/my_package/install.log --single-version-externally-managed
[1.615s] running egg_info
[1.616s] writing ../../build/my_package/my_package.egg-info/PKG-INFO
[1.616s] writing dependency_links to ../../build/my_package/my_package.egg-info/dependency_links.txt
[1.616s] writing entry points to ../../build/my_package/my_package.egg-info/entry_points.txt
[1.616s] writing requirements to ../../build/my_package/my_package.egg-info/requires.txt
[1.616s] writing top-level names to ../../build/my_package/my_package.egg-info/top_level.txt
[1.645s] reading manifest file '../../build/my_package/my_package.egg-info/SOURCES.txt'
[1.646s] writing manifest file '../../build/my_package/my_package.egg-info/SOURCES.txt'
[1.646s] running build
[1.647s] running build_py
[1.647s] running install
[1.647s] running install_lib
[1.648s] running install_data
[1.648s] running install_egg_info
[1.650s] removing '/home/locobot/ros_ws/install/my_package/lib/python3.8/site-packages/my_package-0.0.0-py3.8.egg-info' (and everything under it)
[1.650s] Copying ../../build/my_package/my_package.egg-info to /home/locobot/ros_ws/install/my_package/lib/python3.8/site-packages/my_package-0.0.0-py3.8.egg-info
[1.651s] running install_scripts
[1.665s] Installing my_node script to /home/locobot/ros_ws/install/my_package/lib/my_package
[1.665s] writing list of installed files to '/home/locobot/ros_ws/build/my_package/install.log'
