running egg_info
creating ../../build/gestureControl/gestureControl.egg-info
writing ../../build/gestureControl/gestureControl.egg-info/PKG-INFO
writing dependency_links to ../../build/gestureControl/gestureControl.egg-info/dependency_links.txt
writing entry points to ../../build/gestureControl/gestureControl.egg-info/entry_points.txt
writing requirements to ../../build/gestureControl/gestureControl.egg-info/requires.txt
writing top-level names to ../../build/gestureControl/gestureControl.egg-info/top_level.txt
writing manifest file '../../build/gestureControl/gestureControl.egg-info/SOURCES.txt'
reading manifest file '../../build/gestureControl/gestureControl.egg-info/SOURCES.txt'
writing manifest file '../../build/gestureControl/gestureControl.egg-info/SOURCES.txt'
running build
running build_py
creating /home/locobot/ros_ws/build/gestureControl/build
creating /home/locobot/ros_ws/build/gestureControl/build/lib
creating /home/locobot/ros_ws/build/gestureControl/build/lib/gestureControl
copying gestureControl/mediaPipeNode.py -> /home/locobot/ros_ws/build/gestureControl/build/lib/gestureControl
copying gestureControl/__init__.py -> /home/locobot/ros_ws/build/gestureControl/build/lib/gestureControl
running install
running install_lib
creating /home/locobot/ros_ws/install/gestureControl/lib/python3.8/site-packages/gestureControl
copying /home/locobot/ros_ws/build/gestureControl/build/lib/gestureControl/mediaPipeNode.py -> /home/locobot/ros_ws/install/gestureControl/lib/python3.8/site-packages/gestureControl
copying /home/locobot/ros_ws/build/gestureControl/build/lib/gestureControl/__init__.py -> /home/locobot/ros_ws/install/gestureControl/lib/python3.8/site-packages/gestureControl
byte-compiling /home/locobot/ros_ws/install/gestureControl/lib/python3.8/site-packages/gestureControl/mediaPipeNode.py to mediaPipeNode.cpython-38.pyc
byte-compiling /home/locobot/ros_ws/install/gestureControl/lib/python3.8/site-packages/gestureControl/__init__.py to __init__.cpython-38.pyc
running install_data
creating /home/locobot/ros_ws/install/gestureControl/share/ament_index
creating /home/locobot/ros_ws/install/gestureControl/share/ament_index/resource_index
creating /home/locobot/ros_ws/install/gestureControl/share/ament_index/resource_index/packages
copying resource/gestureControl -> /home/locobot/ros_ws/install/gestureControl/share/ament_index/resource_index/packages
copying package.xml -> /home/locobot/ros_ws/install/gestureControl/share/gestureControl
running install_egg_info
Copying ../../build/gestureControl/gestureControl.egg-info to /home/locobot/ros_ws/install/gestureControl/lib/python3.8/site-packages/gestureControl-0.0.0-py3.8.egg-info
running install_scripts
Installing mediaPipeNode script to /home/locobot/ros_ws/install/gestureControl/lib/gestureControl
writing list of installed files to '/home/locobot/ros_ws/build/gestureControl/install.log'
